Invoked as: C:/msys64/home/CCLI0/OpenNuvoton/OpenNuvoton_OpenOCD/jimtcl/configure --disable-install-jim --disable-option-checking --prefix=C:/msys64/mingw32 --disable-werror "PKG_CONFIG_PATH=C:\\msys64\\mingw32\\lib\\pkgconfig;C:\\msys64\\mingw32\\share\\pkgconfig" --cache-file=nul --srcdir=.
Failed: cc -g -O2 -c conftest__.c -o conftest__.o
conftest__.c:2:10: fatal error: sys/socket.h: No such file or directory
    2 | #include <sys/socket.h>
      |          ^~~~~~~~~~~~~~
compilation terminated.
child process exited abnormally
============
The failed code was:
#include <sys/types.h>
#include <sys/socket.h>
int main(void) {

return 0;
}
============
Failed: cc -g -O2 -c conftest__.c -o conftest__.o
conftest__.c:2:10: fatal error: netinet/in.h: No such file or directory
    2 | #include <netinet/in.h>
      |          ^~~~~~~~~~~~~~
compilation terminated.
child process exited abnormally
============
The failed code was:
#include <sys/types.h>
#include <netinet/in.h>
int main(void) {

return 0;
}
============
Failed: cc -g -O2 -c conftest__.c -o conftest__.o
conftest__.c:1:10: fatal error: arpa/inet.h: No such file or directory
    1 | #include <arpa/inet.h>
      |          ^~~~~~~~~~~~~
compilation terminated.
child process exited abnormally
============
The failed code was:
#include <arpa/inet.h>
int main(void) {

return 0;
}
============
Failed: cc -g -O2 -c conftest__.c -o conftest__.o
conftest__.c:1:10: fatal error: netdb.h: No such file or directory
    1 | #include <netdb.h>
      |          ^~~~~~~~~
compilation terminated.
child process exited abnormally
============
The failed code was:
#include <netdb.h>
int main(void) {

return 0;
}
============
Failed: cc -g -O2 -c conftest__.c -o conftest__.o
conftest__.c:1:10: fatal error: sys/un.h: No such file or directory
    1 | #include <sys/un.h>
      |          ^~~~~~~~~~
compilation terminated.
child process exited abnormally
============
The failed code was:
#include <sys/un.h>
int main(void) {

return 0;
}
============
Failed: cc -g -O2 -c conftest__.c -o conftest__.o
conftest__.c:1:10: fatal error: dlfcn.h: No such file or directory
    1 | #include <dlfcn.h>
      |          ^~~~~~~~~
compilation terminated.
child process exited abnormally
============
The failed code was:
#include <dlfcn.h>
int main(void) {

return 0;
}
============
Failed: cc -g -O2 -c conftest__.c -o conftest__.o
conftest__.c:1:10: fatal error: crt_externs.h: No such file or directory
    1 | #include <crt_externs.h>
      |          ^~~~~~~~~~~~~~~
compilation terminated.
child process exited abnormally
============
The failed code was:
#include <crt_externs.h>
int main(void) {

return 0;
}
============
Failed: cc -g -O2 conftest__.c -o conftest__
C:/msys64/mingw32/bin/../lib/gcc/i686-w64-mingw32/10.2.0/../../../../i686-w64-mingw32/bin/ld.exe: C:\msys64\tmp\ccaw93J1.o: in function `main':
C:\msys64\home\CCLI0\OpenNuvoton\OpenNuvoton_OpenOCD\jimtcl/conftest__.c:3: undefined reference to `inet_ntop'
collect2.exe: error: ld returned 1 exit status
child process exited abnormally
============
The failed code was:
extern void inet_ntop(void);
int main(void) {
inet_ntop();
return 0;
}
============
Failed: cc -g -O2 conftest__.c -o conftest__ -lnsl
C:/msys64/mingw32/bin/../lib/gcc/i686-w64-mingw32/10.2.0/../../../../i686-w64-mingw32/bin/ld.exe: cannot find -lnsl
collect2.exe: error: ld returned 1 exit status
child process exited abnormally
============
The failed code was:
extern void inet_ntop(void);
int main(void) {
inet_ntop();
return 0;
}
============
Failed: cc -g -O2 conftest__.c -o conftest__ -lnetwork
C:/msys64/mingw32/bin/../lib/gcc/i686-w64-mingw32/10.2.0/../../../../i686-w64-mingw32/bin/ld.exe: cannot find -lnetwork
collect2.exe: error: ld returned 1 exit status
child process exited abnormally
============
The failed code was:
extern void inet_ntop(void);
int main(void) {
inet_ntop();
return 0;
}
============
Failed: cc -g -O2 conftest__.c -o conftest__
C:/msys64/mingw32/bin/../lib/gcc/i686-w64-mingw32/10.2.0/../../../../i686-w64-mingw32/bin/ld.exe: C:\msys64\tmp\cci1Q5Ld.o: in function `main':
C:\msys64\home\CCLI0\OpenNuvoton\OpenNuvoton_OpenOCD\jimtcl/conftest__.c:3: undefined reference to `socket'
collect2.exe: error: ld returned 1 exit status
child process exited abnormally
============
The failed code was:
extern void socket(void);
int main(void) {
socket();
return 0;
}
============
Failed: cc -g -O2 conftest__.c -o conftest__ -lsocket
C:/msys64/mingw32/bin/../lib/gcc/i686-w64-mingw32/10.2.0/../../../../i686-w64-mingw32/bin/ld.exe: cannot find -lsocket
collect2.exe: error: ld returned 1 exit status
child process exited abnormally
============
The failed code was:
extern void socket(void);
int main(void) {
socket();
return 0;
}
============
Failed: cc -g -O2 conftest__.c -o conftest__
C:/msys64/mingw32/bin/../lib/gcc/i686-w64-mingw32/10.2.0/../../../../i686-w64-mingw32/bin/ld.exe: C:\msys64\tmp\cciPbtm3.o: in function `main':
C:\msys64\home\CCLI0\OpenNuvoton\OpenNuvoton_OpenOCD\jimtcl/conftest__.c:3: undefined reference to `ualarm'
collect2.exe: error: ld returned 1 exit status
child process exited abnormally
============
The failed code was:
extern void ualarm(void);
int main(void) {
ualarm();
return 0;
}
============
Failed: cc -g -O2 conftest__.c -o conftest__
C:/msys64/mingw32/bin/../lib/gcc/i686-w64-mingw32/10.2.0/../../../../i686-w64-mingw32/bin/ld.exe: C:\msys64\tmp\ccC6R0BN.o: in function `main':
C:\msys64\home\CCLI0\OpenNuvoton\OpenNuvoton_OpenOCD\jimtcl/conftest__.c:3: undefined reference to `lstat'
collect2.exe: error: ld returned 1 exit status
child process exited abnormally
============
The failed code was:
extern void lstat(void);
int main(void) {
lstat();
return 0;
}
============
Failed: cc -g -O2 conftest__.c -o conftest__
conftest__.c:1:13: warning: conflicting types for built-in function 'fork'; expected 'int(void)' [-Wbuiltin-declaration-mismatch]
    1 | extern void fork(void);
      |             ^~~~
C:/msys64/mingw32/bin/../lib/gcc/i686-w64-mingw32/10.2.0/../../../../i686-w64-mingw32/bin/ld.exe: C:\msys64\tmp\ccQgaZ8G.o: in function `main':
C:\msys64\home\CCLI0\OpenNuvoton\OpenNuvoton_OpenOCD\jimtcl/conftest__.c:3: undefined reference to `fork'
collect2.exe: error: ld returned 1 exit status
child process exited abnormally
============
The failed code was:
extern void fork(void);
int main(void) {
fork();
return 0;
}
============
Failed: cc -g -O2 conftest__.c -o conftest__
C:/msys64/mingw32/bin/../lib/gcc/i686-w64-mingw32/10.2.0/../../../../i686-w64-mingw32/bin/ld.exe: C:\msys64\tmp\ccyCWyIz.o: in function `main':
C:\msys64\home\CCLI0\OpenNuvoton\OpenNuvoton_OpenOCD\jimtcl/conftest__.c:3: undefined reference to `vfork'
collect2.exe: error: ld returned 1 exit status
child process exited abnormally
============
The failed code was:
extern void vfork(void);
int main(void) {
vfork();
return 0;
}
============
Failed: cc -g -O2 conftest__.c -o conftest__
C:/msys64/mingw32/bin/../lib/gcc/i686-w64-mingw32/10.2.0/../../../../i686-w64-mingw32/bin/ld.exe: C:\msys64\tmp\ccYuQmph.o: in function `main':
C:\msys64\home\CCLI0\OpenNuvoton\OpenNuvoton_OpenOCD\jimtcl/conftest__.c:3: undefined reference to `select'
collect2.exe: error: ld returned 1 exit status
child process exited abnormally
============
The failed code was:
extern void select(void);
int main(void) {
select();
return 0;
}
============
Failed: cc -g -O2 conftest__.c -o conftest__
C:/msys64/mingw32/bin/../lib/gcc/i686-w64-mingw32/10.2.0/../../../../i686-w64-mingw32/bin/ld.exe: C:\msys64\tmp\ccEik56O.o: in function `main':
C:\msys64\home\CCLI0\OpenNuvoton\OpenNuvoton_OpenOCD\jimtcl/conftest__.c:3: undefined reference to `backtrace'
collect2.exe: error: ld returned 1 exit status
child process exited abnormally
============
The failed code was:
extern void backtrace(void);
int main(void) {
backtrace();
return 0;
}
============
Failed: cc -g -O2 conftest__.c -o conftest__
C:/msys64/mingw32/bin/../lib/gcc/i686-w64-mingw32/10.2.0/../../../../i686-w64-mingw32/bin/ld.exe: C:\msys64\tmp\ccsDCeuH.o: in function `main':
C:\msys64\home\CCLI0\OpenNuvoton\OpenNuvoton_OpenOCD\jimtcl/conftest__.c:3: undefined reference to `geteuid'
collect2.exe: error: ld returned 1 exit status
child process exited abnormally
============
The failed code was:
extern void geteuid(void);
int main(void) {
geteuid();
return 0;
}
============
Failed: cc -g -O2 conftest__.c -o conftest__
C:/msys64/mingw32/bin/../lib/gcc/i686-w64-mingw32/10.2.0/../../../../i686-w64-mingw32/bin/ld.exe: C:\msys64\tmp\ccCeiC46.o: in function `main':
C:\msys64\home\CCLI0\OpenNuvoton\OpenNuvoton_OpenOCD\jimtcl/conftest__.c:3: undefined reference to `realpath'
collect2.exe: error: ld returned 1 exit status
child process exited abnormally
============
The failed code was:
extern void realpath(void);
int main(void) {
realpath();
return 0;
}
============
Failed: cc -g -O2 conftest__.c -o conftest__
C:/msys64/mingw32/bin/../lib/gcc/i686-w64-mingw32/10.2.0/../../../../i686-w64-mingw32/bin/ld.exe: C:\msys64\tmp\cc0ZWjWR.o: in function `main':
C:\msys64\home\CCLI0\OpenNuvoton\OpenNuvoton_OpenOCD\jimtcl/conftest__.c:3: undefined reference to `strptime'
collect2.exe: error: ld returned 1 exit status
child process exited abnormally
============
The failed code was:
extern void strptime(void);
int main(void) {
strptime();
return 0;
}
============
Failed: cc -g -O2 conftest__.c -o conftest__
C:/msys64/mingw32/bin/../lib/gcc/i686-w64-mingw32/10.2.0/../../../../i686-w64-mingw32/bin/ld.exe: C:\msys64\tmp\ccdZrkCm.o: in function `main':
C:\msys64\home\CCLI0\OpenNuvoton\OpenNuvoton_OpenOCD\jimtcl/conftest__.c:3: undefined reference to `regcomp'
collect2.exe: error: ld returned 1 exit status
child process exited abnormally
============
The failed code was:
extern void regcomp(void);
int main(void) {
regcomp();
return 0;
}
============
Failed: cc -g -O2 conftest__.c -o conftest__
C:/msys64/mingw32/bin/../lib/gcc/i686-w64-mingw32/10.2.0/../../../../i686-w64-mingw32/bin/ld.exe: C:\msys64\tmp\cc5N4QXd.o: in function `main':
C:\msys64\home\CCLI0\OpenNuvoton\OpenNuvoton_OpenOCD\jimtcl/conftest__.c:3: undefined reference to `waitpid'
collect2.exe: error: ld returned 1 exit status
child process exited abnormally
============
The failed code was:
extern void waitpid(void);
int main(void) {
waitpid();
return 0;
}
============
Failed: cc -g -O2 conftest__.c -o conftest__
C:/msys64/mingw32/bin/../lib/gcc/i686-w64-mingw32/10.2.0/../../../../i686-w64-mingw32/bin/ld.exe: C:\msys64\tmp\ccI3Mk02.o: in function `main':
C:\msys64\home\CCLI0\OpenNuvoton\OpenNuvoton_OpenOCD\jimtcl/conftest__.c:3: undefined reference to `sigaction'
collect2.exe: error: ld returned 1 exit status
child process exited abnormally
============
The failed code was:
extern void sigaction(void);
int main(void) {
sigaction();
return 0;
}
============
Failed: cc -g -O2 conftest__.c -o conftest__
C:/msys64/mingw32/bin/../lib/gcc/i686-w64-mingw32/10.2.0/../../../../i686-w64-mingw32/bin/ld.exe: C:\msys64\tmp\ccEoBfHL.o: in function `main':
C:\msys64\home\CCLI0\OpenNuvoton\OpenNuvoton_OpenOCD\jimtcl/conftest__.c:3: undefined reference to `sys_signame'
collect2.exe: error: ld returned 1 exit status
child process exited abnormally
============
The failed code was:
extern void sys_signame(void);
int main(void) {
sys_signame();
return 0;
}
============
Failed: cc -g -O2 conftest__.c -o conftest__
C:/msys64/mingw32/bin/../lib/gcc/i686-w64-mingw32/10.2.0/../../../../i686-w64-mingw32/bin/ld.exe: C:\msys64\tmp\ccoLtjkl.o: in function `main':
C:\msys64\home\CCLI0\OpenNuvoton\OpenNuvoton_OpenOCD\jimtcl/conftest__.c:3: undefined reference to `sys_siglist'
collect2.exe: error: ld returned 1 exit status
child process exited abnormally
============
The failed code was:
extern void sys_siglist(void);
int main(void) {
sys_siglist();
return 0;
}
============
Failed: cc -g -O2 conftest__.c -o conftest__
C:/msys64/mingw32/bin/../lib/gcc/i686-w64-mingw32/10.2.0/../../../../i686-w64-mingw32/bin/ld.exe: C:\msys64\tmp\ccqkOgYJ.o: in function `main':
C:\msys64\home\CCLI0\OpenNuvoton\OpenNuvoton_OpenOCD\jimtcl/conftest__.c:3: undefined reference to `syslog'
collect2.exe: error: ld returned 1 exit status
child process exited abnormally
============
The failed code was:
extern void syslog(void);
int main(void) {
syslog();
return 0;
}
============
Failed: cc -g -O2 conftest__.c -o conftest__
C:/msys64/mingw32/bin/../lib/gcc/i686-w64-mingw32/10.2.0/../../../../i686-w64-mingw32/bin/ld.exe: C:\msys64\tmp\ccvrJ8Zo.o: in function `main':
C:\msys64\home\CCLI0\OpenNuvoton\OpenNuvoton_OpenOCD\jimtcl/conftest__.c:3: undefined reference to `readlink'
collect2.exe: error: ld returned 1 exit status
child process exited abnormally
============
The failed code was:
extern void readlink(void);
int main(void) {
readlink();
return 0;
}
============
Failed: cc -g -O2 conftest__.c -o conftest__
C:/msys64/mingw32/bin/../lib/gcc/i686-w64-mingw32/10.2.0/../../../../i686-w64-mingw32/bin/ld.exe: C:\msys64\tmp\ccsF4xfQ.o: in function `main':
C:\msys64\home\CCLI0\OpenNuvoton\OpenNuvoton_OpenOCD\jimtcl/conftest__.c:3: undefined reference to `pipe'
collect2.exe: error: ld returned 1 exit status
child process exited abnormally
============
The failed code was:
extern void pipe(void);
int main(void) {
pipe();
return 0;
}
============
Failed: cc -g -O2 conftest__.c -o conftest__
C:/msys64/mingw32/bin/../lib/gcc/i686-w64-mingw32/10.2.0/../../../../i686-w64-mingw32/bin/ld.exe: C:\msys64\tmp\cciV1idu.o: in function `main':
C:\msys64\home\CCLI0\OpenNuvoton\OpenNuvoton_OpenOCD\jimtcl/conftest__.c:3: undefined reference to `getaddrinfo'
collect2.exe: error: ld returned 1 exit status
child process exited abnormally
============
The failed code was:
extern void getaddrinfo(void);
int main(void) {
getaddrinfo();
return 0;
}
============
Failed: cc -g -O2 conftest__.c -o conftest__
C:/msys64/mingw32/bin/../lib/gcc/i686-w64-mingw32/10.2.0/../../../../i686-w64-mingw32/bin/ld.exe: C:\msys64\tmp\ccqcbonc.o: in function `main':
C:\msys64\home\CCLI0\OpenNuvoton\OpenNuvoton_OpenOCD\jimtcl/conftest__.c:3: undefined reference to `utimes'
collect2.exe: error: ld returned 1 exit status
child process exited abnormally
============
The failed code was:
extern void utimes(void);
int main(void) {
utimes();
return 0;
}
============
Failed: cc -g -O2 conftest__.c -o conftest__
C:/msys64/mingw32/bin/../lib/gcc/i686-w64-mingw32/10.2.0/../../../../i686-w64-mingw32/bin/ld.exe: C:\msys64\tmp\cc8fSygU.o: in function `main':
C:\msys64\home\CCLI0\OpenNuvoton\OpenNuvoton_OpenOCD\jimtcl/conftest__.c:3: undefined reference to `shutdown'
collect2.exe: error: ld returned 1 exit status
child process exited abnormally
============
The failed code was:
extern void shutdown(void);
int main(void) {
shutdown();
return 0;
}
============
Failed: cc -g -O2 conftest__.c -o conftest__
C:/msys64/mingw32/bin/../lib/gcc/i686-w64-mingw32/10.2.0/../../../../i686-w64-mingw32/bin/ld.exe: C:\msys64\tmp\ccGiV08z.o: in function `main':
C:\msys64\home\CCLI0\OpenNuvoton\OpenNuvoton_OpenOCD\jimtcl/conftest__.c:3: undefined reference to `socketpair'
collect2.exe: error: ld returned 1 exit status
child process exited abnormally
============
The failed code was:
extern void socketpair(void);
int main(void) {
socketpair();
return 0;
}
============
Failed: cc -g -O2 conftest__.c -o conftest__
conftest__.c:1:13: warning: conflicting types for built-in function 'isinf'; expected 'int()' [-Wbuiltin-declaration-mismatch]
    1 | extern void isinf(void);
      |             ^~~~~
conftest__.c:1:1: note: 'isinf' is declared in header '<math.h>'
  +++ |+#include <math.h>
    1 | extern void isinf(void);
C:/msys64/mingw32/bin/../lib/gcc/i686-w64-mingw32/10.2.0/../../../../i686-w64-mingw32/bin/ld.exe: C:\msys64\tmp\ccoa87qk.o: in function `main':
C:\msys64\home\CCLI0\OpenNuvoton\OpenNuvoton_OpenOCD\jimtcl/conftest__.c:3: undefined reference to `isinf'
collect2.exe: error: ld returned 1 exit status
child process exited abnormally
============
The failed code was:
extern void isinf(void);
int main(void) {
isinf();
return 0;
}
============
Failed: cc -g -O2 conftest__.c -o conftest__
C:/msys64/mingw32/bin/../lib/gcc/i686-w64-mingw32/10.2.0/../../../../i686-w64-mingw32/bin/ld.exe: C:\msys64\tmp\ccYHcpy4.o: in function `main':
C:\msys64\home\CCLI0\OpenNuvoton\OpenNuvoton_OpenOCD\jimtcl/conftest__.c:3: undefined reference to `link'
collect2.exe: error: ld returned 1 exit status
child process exited abnormally
============
The failed code was:
extern void link(void);
int main(void) {
link();
return 0;
}
============
Failed: cc -g -O2 conftest__.c -o conftest__
C:/msys64/mingw32/bin/../lib/gcc/i686-w64-mingw32/10.2.0/../../../../i686-w64-mingw32/bin/ld.exe: C:\msys64\tmp\cc6mS4bI.o: in function `main':
C:\msys64\home\CCLI0\OpenNuvoton\OpenNuvoton_OpenOCD\jimtcl/conftest__.c:3: undefined reference to `symlink'
collect2.exe: error: ld returned 1 exit status
child process exited abnormally
============
The failed code was:
extern void symlink(void);
int main(void) {
symlink();
return 0;
}
============
Failed: cc -g -O2 conftest__.c -o conftest__
C:/msys64/mingw32/bin/../lib/gcc/i686-w64-mingw32/10.2.0/../../../../i686-w64-mingw32/bin/ld.exe: C:\msys64\tmp\cc8INwRl.o: in function `main':
C:\msys64\home\CCLI0\OpenNuvoton\OpenNuvoton_OpenOCD\jimtcl/conftest__.c:3: undefined reference to `sysinfo'
collect2.exe: error: ld returned 1 exit status
child process exited abnormally
============
The failed code was:
extern void sysinfo(void);
int main(void) {
sysinfo();
return 0;
}
============
Failed: cc -g -O2 -c -D_FILE_OFFSET_BITS=64 conftest__.c -o conftest__.o
conftest__.c: In function 'main':
conftest__.c:3:12: error: size of array '_x' is negative
    3 | static int _x[sizeof(off_t) == 4 ? 1 : -1] = { 1 };
      |            ^~
child process exited abnormally
============
The failed code was:
#include <sys/types.h>
int main(void) {
static int _x[sizeof(off_t) == 4 ? 1 : -1] = { 1 };
return 0;
}
============
Failed: cc -g -O2 conftest__.c -o conftest__
C:/msys64/mingw32/bin/../lib/gcc/i686-w64-mingw32/10.2.0/../../../../i686-w64-mingw32/bin/ld.exe: C:\msys64\tmp\ccchmI8i.o: in function `main':
C:\msys64\home\CCLI0\OpenNuvoton\OpenNuvoton_OpenOCD\jimtcl/conftest__.c:3: undefined reference to `_NSGetEnviron'
collect2.exe: error: ld returned 1 exit status
child process exited abnormally
============
The failed code was:
extern void _NSGetEnviron(void);
int main(void) {
_NSGetEnviron();
return 0;
}
============
Failed: cc -g -O2 -c -D_GNU_SOURCE conftest__.c -o conftest__.o
conftest__.c: In function 'main':
conftest__.c:3:13: error: 'environ' undeclared (first use in this function)
    3 | char **ep = environ;
      |             ^~~~~~~
conftest__.c:3:13: note: each undeclared identifier is reported only once for each function it appears in
child process exited abnormally
============
The failed code was:
#include <unistd.h>
int main(void) {
char **ep = environ;
return 0;
}
============
Failed: cc -g -O2 -c conftest__.c -o conftest__.o
conftest__.c:1:10: fatal error: termios.h: No such file or directory
    1 | #include <termios.h>
      |          ^~~~~~~~~~~
compilation terminated.
child process exited abnormally
============
The failed code was:
#include <termios.h>
int main(void) {

return 0;
}
============
