This file contains any messages produced by compilers while
running configure, to aid debugging if configure makes a mistake.

It was created by openocd configure 0.10.0-dev, which was
generated by GNU Autoconf 2.69.  Invocation command line was

  $ ./configure --disable-werror

## --------- ##
## Platform. ##
## --------- ##

hostname = OANBE02627
uname -m = x86_64
uname -r = 3.2.0-340.x86_64
uname -s = MINGW32_NT-10.0-17763
uname -v = 2021-08-02 16:30 UTC

/usr/bin/uname -p = unknown
/bin/uname -X     = unknown

/bin/arch              = x86_64
/usr/bin/arch -k       = unknown
/usr/convex/getsysinfo = unknown
/usr/bin/hostinfo      = unknown
/bin/machine           = unknown
/usr/bin/oslevel       = unknown
/bin/universe          = unknown

PATH: /mingw32/bin
PATH: /usr/local/bin
PATH: /usr/bin
PATH: /bin
PATH: /c/Windows/System32
PATH: /c/Windows
PATH: /c/Windows/System32/Wbem
PATH: /c/Windows/System32/WindowsPowerShell/v1.0/
PATH: /usr/bin/site_perl
PATH: /usr/bin/vendor_perl
PATH: /usr/bin/core_perl


## ----------- ##
## Core tests. ##
## ----------- ##

configure:2500: loading site script /etc/config.site
| # This file is in public domain.
| # Original author: Karlson2k (Evgeny Grin)
| # Written for MSys2 to help running 'configure' scripts
| 
| # Defaults for MSys2/MinGW64-targeted programs
| 
| # Set proper selfname on bash and fallback to default name on other shells
| test -n "${BASH_SOURCE}" 2>/dev/null && config_site_me="${BASH_SOURCE[0]##*/}" || config_site_me=config.site
| 
| # Set default 'host' to speedup configure
| if test -z "$build_alias"; then
|   build_alias="${MSYSTEM_CHOST}"  && \
|     ${as_echo-echo} "$config_site_me:${as_lineno-$LINENO}: default build_alias set to $build_alias" >&5
| fi
| 
| # Set default 'prefix'
| if ( test -z "$prefix" || test "x$prefix" = "xNONE" ) && \
|     ( test -z "$exec_prefix" || test "x$exec_prefix" = "xNONE" ); then
|   prefix="${MSYSTEM_PREFIX}" && \
|     ${as_echo-echo} "$config_site_me:${as_lineno-$LINENO}: default prefix set to $prefix" >&5
| fi
config.site:13: default build_alias set to i686-w64-mingw32
config.site:20: default prefix set to /mingw32
configure:2606: checking for makeinfo
configure:2622: found /usr/bin/makeinfo
configure:2633: result: makeinfo
configure:2693: checking for a BSD-compatible install
configure:2761: result: /usr/bin/install -c
configure:2772: checking whether build environment is sane
configure:2827: result: yes
configure:2978: checking for a thread-safe mkdir -p
configure:3017: result: /usr/bin/mkdir -p
configure:3024: checking for gawk
configure:3040: found /usr/bin/gawk
configure:3051: result: gawk
configure:3062: checking whether make sets $(MAKE)
configure:3084: result: yes
configure:3113: checking whether make supports nested variables
configure:3130: result: yes
configure:3315: checking for gcc
configure:3331: found /mingw32/bin/gcc
configure:3342: result: gcc
configure:3571: checking for C compiler version
configure:3580: gcc --version >&5
gcc.exe (Rev6, Built by MSYS2 project) 10.2.0
Copyright (C) 2020 Free Software Foundation, Inc.
This is free software; see the source for copying conditions.  There is NO
warranty; not even for MERCHANTABILITY or FITNESS FOR A PARTICULAR PURPOSE.

configure:3591: $? = 0
configure:3580: gcc -v >&5
Using built-in specs.
COLLECT_GCC=C:\msys64\mingw32\bin\gcc.exe
COLLECT_LTO_WRAPPER=C:/msys64/mingw32/bin/../lib/gcc/i686-w64-mingw32/10.2.0/lto-wrapper.exe
Target: i686-w64-mingw32
Configured with: ../gcc-10.2.0/configure --prefix=/mingw32 --with-local-prefix=/mingw32/local --build=i686-w64-mingw32 --host=i686-w64-mingw32 --target=i686-w64-mingw32 --with-native-system-header-dir=/mingw32/i686-w64-mingw32/include --libexecdir=/mingw32/lib --enable-bootstrap --with-arch=i686 --with-tune=generic --enable-languages=c,lto,c++,fortran,ada,objc,obj-c++,jit --enable-shared --enable-static --enable-libatomic --enable-threads=posix --enable-graphite --enable-fully-dynamic-string --enable-libstdcxx-filesystem-ts=yes --enable-libstdcxx-time=yes --disable-libstdcxx-pch --disable-libstdcxx-debug --disable-isl-version-check --enable-lto --enable-libgomp --disable-multilib --enable-checking=release --disable-rpath --disable-win32-registry --disable-nls --disable-werror --disable-symvers --disable-plugin --with-libiconv --with-system-zlib --with-gmp=/mingw32 --with-mpfr=/mingw32 --with-mpc=/mingw32 --with-isl=/mingw32 --with-pkgversion='Rev6, Built by MSYS2 project' --with-bugurl=https://github.com/msys2/MINGW-packages/issues --with-gnu-as --with-gnu-ld --with-boot-ldflags='-pipe -Wl,--dynamicbase,--nxcompat,--no-seh -Wl,--large-address-aware -Wl,--disable-dynamicbase -static-libstdc++ -static-libgcc' 'LDFLAGS_FOR_TARGET=-pipe -Wl,--dynamicbase,--nxcompat,--no-seh -Wl,--large-address-aware' --enable-linker-plugin-flags='LDFLAGS=-static-libstdc++\ -static-libgcc\ -pipe\ -Wl,--dynamicbase,--nxcompat,--no-seh\ -Wl,--large-address-aware\ -Wl,--stack,12582912' --disable-sjlj-exceptions --with-dwarf2
Thread model: posix
Supported LTO compression algorithms: zlib zstd
gcc version 10.2.0 (Rev6, Built by MSYS2 project) 
configure:3591: $? = 0
configure:3580: gcc -V >&5
gcc.exe: error: unrecognized command-line option '-V'
gcc.exe: fatal error: no input files
compilation terminated.
configure:3591: $? = 1
configure:3580: gcc -qversion >&5
gcc.exe: error: unrecognized command-line option '-qversion'; did you mean '--version'?
gcc.exe: fatal error: no input files
compilation terminated.
configure:3591: $? = 1
configure:3611: checking whether the C compiler works
configure:3633: gcc    conftest.c  >&5
configure:3637: $? = 0
configure:3685: result: yes
configure:3688: checking for C compiler default output file name
configure:3690: result: a.exe
configure:3696: checking for suffix of executables
configure:3703: gcc -o conftest.exe    conftest.c  >&5
configure:3707: $? = 0
configure:3729: result: .exe
configure:3751: checking whether we are cross compiling
configure:3759: gcc -o conftest.exe    conftest.c  >&5
configure:3763: $? = 0
configure:3770: ./conftest.exe
configure:3774: $? = 0
configure:3789: result: no
configure:3794: checking for suffix of object files
configure:3816: gcc -c   conftest.c >&5
configure:3820: $? = 0
configure:3841: result: o
configure:3845: checking whether we are using the GNU C compiler
configure:3864: gcc -c   conftest.c >&5
configure:3864: $? = 0
configure:3873: result: yes
configure:3882: checking whether gcc accepts -g
configure:3902: gcc -c -g  conftest.c >&5
configure:3902: $? = 0
configure:3943: result: yes
configure:3960: checking for gcc option to accept ISO C89
configure:4023: gcc  -c -g -O2  conftest.c >&5
configure:4023: $? = 0
configure:4036: result: none needed
configure:4061: checking whether gcc understands -c and -o together
configure:4083: gcc -c conftest.c -o conftest2.o
configure:4086: $? = 0
configure:4083: gcc -c conftest.c -o conftest2.o
configure:4086: $? = 0
configure:4098: result: yes
configure:4118: checking whether make supports the include directive
configure:4133: make -f confmf.GNU && cat confinc.out
this is the am__doit target
configure:4136: $? = 0
configure:4155: result: yes (GNU style)
configure:4180: checking dependency style of gcc
configure:4291: result: gcc3
configure:4306: checking for gcc option to accept ISO C99
configure:4455: gcc  -c -g -O2  conftest.c >&5
configure:4455: $? = 0
configure:4468: result: none needed
configure:4527: checking for ranlib
configure:4543: found /mingw32/bin/ranlib
configure:4554: result: ranlib
configure:4630: checking for pkg-config
configure:4648: found /mingw32/bin/pkg-config
configure:4660: result: /mingw32/bin/pkg-config
configure:4685: checking pkg-config is at least version 0.23
configure:4688: result: yes
configure:4760: checking build system type
configure:4774: result: i686-w64-mingw32
configure:4794: checking host system type
configure:4807: result: i686-w64-mingw32
configure:4848: checking how to print strings
configure:4875: result: printf
configure:4896: checking for a sed that does not truncate output
configure:4960: result: /usr/bin/sed
configure:4978: checking for grep that handles long lines and -e
configure:5036: result: /usr/bin/grep
configure:5041: checking for egrep
configure:5103: result: /usr/bin/grep -E
configure:5108: checking for fgrep
configure:5170: result: /usr/bin/grep -F
configure:5205: checking for ld used by gcc
configure:5272: result: C:/msys64/mingw32/i686-w64-mingw32/bin/ld.exe
configure:5279: checking if the linker (C:/msys64/mingw32/i686-w64-mingw32/bin/ld.exe) is GNU ld
configure:5294: result: yes
configure:5306: checking for BSD- or MS-compatible name lister (nm)
configure:5360: result: /mingw32/bin/nm -B
configure:5490: checking the name lister (/mingw32/bin/nm -B) interface
configure:5497: gcc -c -g -O2  conftest.c >&5
configure:5500: /mingw32/bin/nm -B "conftest.o"
configure:5503: output
00000000 b .bss
00000000 d .data
00000000 N .debug_abbrev
00000000 N .debug_aranges
00000000 N .debug_info
00000000 N .debug_line
00000000 r .rdata$zzz
00000000 t .text
00000000 B _some_variable
configure:5510: result: BSD nm
configure:5513: checking whether ln -s works
configure:5520: result: no, using cp -pR
configure:5525: checking the maximum length of command line arguments
configure:5656: result: 8192
configure:5704: checking how to convert i686-w64-mingw32 file names to i686-w64-mingw32 format
configure:5744: result: func_convert_file_msys_to_w32
configure:5751: checking how to convert i686-w64-mingw32 file names to toolchain format
configure:5771: result: func_convert_file_msys_to_w32
configure:5778: checking for C:/msys64/mingw32/i686-w64-mingw32/bin/ld.exe option to reload object files
configure:5785: result: -r
configure:5859: checking for objdump
configure:5875: found /mingw32/bin/objdump
configure:5886: result: objdump
configure:5918: checking how to recognize dependent libraries
configure:6118: result: file_magic ^x86 archive import|^x86 DLL
configure:6203: checking for dlltool
configure:6219: found /mingw32/bin/dlltool
configure:6230: result: dlltool
configure:6263: checking how to associate runtime and link libraries
configure:6290: result: func_cygming_dll_for_implib
configure:6351: checking for ar
configure:6367: found /mingw32/bin/ar
configure:6378: result: ar
configure:6415: checking for archiver @FILE support
configure:6432: gcc -c -g -O2  conftest.c >&5
configure:6432: $? = 0
configure:6435: ar cru libconftest.a @conftest.lst >&5
configure:6438: $? = 0
configure:6443: ar cru libconftest.a @conftest.lst >&5
C:\msys64\mingw32\bin\ar.exe: conftest.o: No such file or directory
configure:6446: $? = 1
configure:6458: result: @
configure:6516: checking for strip
configure:6532: found /mingw32/bin/strip
configure:6543: result: strip
configure:6615: checking for ranlib
configure:6642: result: ranlib
configure:6744: checking command to parse /mingw32/bin/nm -B output from gcc object
configure:6897: gcc -c -g -O2  conftest.c >&5
configure:6900: $? = 0
configure:6904: /mingw32/bin/nm -B conftest.o \| sed -n -e 's/^.*[ ]\([ABCDGIRSTW][ABCDGIRSTW]*\)[ ][ ]*\([_A-Za-z][_A-Za-z0-9]*\)\{0,1\}$/\1 \2 \2/p' | sed '/ __gnu_lto/d' \> conftest.nm
configure:6907: $? = 0
cannot find nm_test_var in conftest.nm
configure:6897: gcc -c -g -O2  conftest.c >&5
configure:6900: $? = 0
configure:6904: /mingw32/bin/nm -B conftest.o \| sed -n -e 's/^.*[ ]\([ABCDGIRSTW][ABCDGIRSTW]*\)[ ][ ]*_\([_A-Za-z][_A-Za-z0-9]*\)\{0,1\}$/\1 _\2 \2/p' | sed '/ __gnu_lto/d' \> conftest.nm
configure:6907: $? = 0
configure:6973: gcc -o conftest.exe -g -O2   conftest.c conftstm.o >&5
configure:6976: $? = 0
configure:7014: result: ok
configure:7061: checking for sysroot
configure:7091: result: no
configure:7098: checking for a working dd
configure:7136: result: /usr/bin/dd
configure:7140: checking how to truncate binary pipes
configure:7155: result: /usr/bin/dd bs=4096 count=1
configure:7484: checking for mt
configure:7514: result: no
configure:7534: checking if : is a manifest tool
configure:7540: : '-?'
configure:7548: result: no
configure:8225: checking how to run the C preprocessor
configure:8256: gcc -E  conftest.c
configure:8256: $? = 0
configure:8270: gcc -E  conftest.c
conftest.c:11:10: fatal error: ac_nonexistent.h: No such file or directory
   11 | #include <ac_nonexistent.h>
      |          ^~~~~~~~~~~~~~~~~~
compilation terminated.
configure:8270: $? = 1
configure: failed program was:
| /* confdefs.h */
| #define PACKAGE_NAME "openocd"
| #define PACKAGE_TARNAME "openocd"
| #define PACKAGE_VERSION "0.10.0-dev"
| #define PACKAGE_STRING "openocd 0.10.0-dev"
| #define PACKAGE_BUGREPORT "OpenOCD Mailing List <openocd-devel@lists.sourceforge.net>"
| #define PACKAGE_URL ""
| #define PACKAGE "openocd"
| #define VERSION "0.10.0-dev"
| /* end confdefs.h.  */
| #include <ac_nonexistent.h>
configure:8295: result: gcc -E
configure:8315: gcc -E  conftest.c
configure:8315: $? = 0
configure:8329: gcc -E  conftest.c
conftest.c:11:10: fatal error: ac_nonexistent.h: No such file or directory
   11 | #include <ac_nonexistent.h>
      |          ^~~~~~~~~~~~~~~~~~
compilation terminated.
configure:8329: $? = 1
configure: failed program was:
| /* confdefs.h */
| #define PACKAGE_NAME "openocd"
| #define PACKAGE_TARNAME "openocd"
| #define PACKAGE_VERSION "0.10.0-dev"
| #define PACKAGE_STRING "openocd 0.10.0-dev"
| #define PACKAGE_BUGREPORT "OpenOCD Mailing List <openocd-devel@lists.sourceforge.net>"
| #define PACKAGE_URL ""
| #define PACKAGE "openocd"
| #define VERSION "0.10.0-dev"
| /* end confdefs.h.  */
| #include <ac_nonexistent.h>
configure:8358: checking for ANSI C header files
configure:8378: gcc -c -g -O2  conftest.c >&5
configure:8378: $? = 0
configure:8451: gcc -o conftest.exe -g -O2   conftest.c  >&5
configure:8451: $? = 0
configure:8451: ./conftest.exe
configure:8451: $? = 0
configure:8462: result: yes
configure:8475: checking for sys/types.h
configure:8475: gcc -c -g -O2  conftest.c >&5
configure:8475: $? = 0
configure:8475: result: yes
configure:8475: checking for sys/stat.h
configure:8475: gcc -c -g -O2  conftest.c >&5
configure:8475: $? = 0
configure:8475: result: yes
configure:8475: checking for stdlib.h
configure:8475: gcc -c -g -O2  conftest.c >&5
configure:8475: $? = 0
configure:8475: result: yes
configure:8475: checking for string.h
configure:8475: gcc -c -g -O2  conftest.c >&5
configure:8475: $? = 0
configure:8475: result: yes
configure:8475: checking for memory.h
configure:8475: gcc -c -g -O2  conftest.c >&5
configure:8475: $? = 0
configure:8475: result: yes
configure:8475: checking for strings.h
configure:8475: gcc -c -g -O2  conftest.c >&5
configure:8475: $? = 0
configure:8475: result: yes
configure:8475: checking for inttypes.h
configure:8475: gcc -c -g -O2  conftest.c >&5
configure:8475: $? = 0
configure:8475: result: yes
configure:8475: checking for stdint.h
configure:8475: gcc -c -g -O2  conftest.c >&5
configure:8475: $? = 0
configure:8475: result: yes
configure:8475: checking for unistd.h
configure:8475: gcc -c -g -O2  conftest.c >&5
configure:8475: $? = 0
configure:8475: result: yes
configure:8489: checking for dlfcn.h
configure:8489: gcc -c -g -O2  conftest.c >&5
conftest.c:55:10: fatal error: dlfcn.h: No such file or directory
   55 | #include <dlfcn.h>
      |          ^~~~~~~~~
compilation terminated.
configure:8489: $? = 1
configure: failed program was:
| /* confdefs.h */
| #define PACKAGE_NAME "openocd"
| #define PACKAGE_TARNAME "openocd"
| #define PACKAGE_VERSION "0.10.0-dev"
| #define PACKAGE_STRING "openocd 0.10.0-dev"
| #define PACKAGE_BUGREPORT "OpenOCD Mailing List <openocd-devel@lists.sourceforge.net>"
| #define PACKAGE_URL ""
| #define PACKAGE "openocd"
| #define VERSION "0.10.0-dev"
| #define STDC_HEADERS 1
| #define HAVE_SYS_TYPES_H 1
| #define HAVE_SYS_STAT_H 1
| #define HAVE_STDLIB_H 1
| #define HAVE_STRING_H 1
| #define HAVE_MEMORY_H 1
| #define HAVE_STRINGS_H 1
| #define HAVE_INTTYPES_H 1
| #define HAVE_STDINT_H 1
| #define HAVE_UNISTD_H 1
| /* end confdefs.h.  */
| #include <stdio.h>
| #ifdef HAVE_SYS_TYPES_H
| # include <sys/types.h>
| #endif
| #ifdef HAVE_SYS_STAT_H
| # include <sys/stat.h>
| #endif
| #ifdef STDC_HEADERS
| # include <stdlib.h>
| # include <stddef.h>
| #else
| # ifdef HAVE_STDLIB_H
| #  include <stdlib.h>
| # endif
| #endif
| #ifdef HAVE_STRING_H
| # if !defined STDC_HEADERS && defined HAVE_MEMORY_H
| #  include <memory.h>
| # endif
| # include <string.h>
| #endif
| #ifdef HAVE_STRINGS_H
| # include <strings.h>
| #endif
| #ifdef HAVE_INTTYPES_H
| # include <inttypes.h>
| #endif
| #ifdef HAVE_STDINT_H
| # include <stdint.h>
| #endif
| #ifdef HAVE_UNISTD_H
| # include <unistd.h>
| #endif
| 
| #include <dlfcn.h>
configure:8489: result: no
configure:8715: checking for objdir
configure:8730: result: .libs
configure:8990: checking if gcc supports -fno-rtti -fno-exceptions
configure:9008: gcc -c -g -O2  -fno-rtti -fno-exceptions conftest.c >&5
cc1.exe: warning: command-line option '-fno-rtti' is valid for C++/D/ObjC++ but not for C
configure:9012: $? = 0
configure:9025: result: no
configure:9383: checking for gcc option to produce PIC
configure:9390: result: -DDLL_EXPORT -DPIC
configure:9398: checking if gcc PIC flag -DDLL_EXPORT -DPIC works
configure:9416: gcc -c -g -O2  -DDLL_EXPORT -DPIC -DPIC conftest.c >&5
configure:9420: $? = 0
configure:9433: result: yes
configure:9462: checking if gcc static flag -static works
configure:9490: result: yes
configure:9505: checking if gcc supports -c -o file.o
configure:9526: gcc -c -g -O2  -o out/conftest2.o conftest.c >&5
configure:9530: $? = 0
configure:9552: result: yes
configure:9560: checking if gcc supports -c -o file.o
configure:9607: result: yes
configure:9640: checking whether the gcc linker (C:/msys64/mingw32/i686-w64-mingw32/bin/ld.exe) supports shared libraries
configure:10900: result: yes
configure:11140: checking dynamic linker characteristics
configure:11964: result: Win32 ld.exe
configure:12086: checking how to hardcode library paths into programs
configure:12111: result: immediate
configure:12659: checking whether stripping libraries is possible
configure:12664: result: yes
configure:12699: checking if libtool supports shared libraries
configure:12701: result: yes
configure:12704: checking whether to build shared libraries
configure:12729: result: no
configure:12732: checking whether to build static libraries
configure:12736: result: yes
configure:12775: checking for an ANSI C-conforming const
configure:12841: gcc -c -g -O2  conftest.c >&5
configure:12841: $? = 0
configure:12848: result: yes
configure:12857: checking for unsigned long long int
configure:12905: result: yes
configure:12915: checking for long long int
configure:12965: result: yes
configure:12974: checking for library containing ioperm
configure:13005: gcc -o conftest.exe -g -O2   conftest.c  >&5
C:/msys64/mingw32/bin/../lib/gcc/i686-w64-mingw32/10.2.0/../../../../i686-w64-mingw32/bin/ld.exe: C:\msys64\tmp\ccMUDCRY.o: in function `main':
C:\msys64\home\CCLI0\OpenNuvoton\OpenNuvoton_OpenOCD/conftest.c:35: undefined reference to `ioperm'
collect2.exe: error: ld returned 1 exit status
configure:13005: $? = 1
configure: failed program was:
| /* confdefs.h */
| #define PACKAGE_NAME "openocd"
| #define PACKAGE_TARNAME "openocd"
| #define PACKAGE_VERSION "0.10.0-dev"
| #define PACKAGE_STRING "openocd 0.10.0-dev"
| #define PACKAGE_BUGREPORT "OpenOCD Mailing List <openocd-devel@lists.sourceforge.net>"
| #define PACKAGE_URL ""
| #define PACKAGE "openocd"
| #define VERSION "0.10.0-dev"
| #define STDC_HEADERS 1
| #define HAVE_SYS_TYPES_H 1
| #define HAVE_SYS_STAT_H 1
| #define HAVE_STDLIB_H 1
| #define HAVE_STRING_H 1
| #define HAVE_MEMORY_H 1
| #define HAVE_STRINGS_H 1
| #define HAVE_INTTYPES_H 1
| #define HAVE_STDINT_H 1
| #define HAVE_UNISTD_H 1
| #define LT_OBJDIR ".libs/"
| #define HAVE_UNSIGNED_LONG_LONG_INT 1
| #define HAVE_LONG_LONG_INT 1
| /* end confdefs.h.  */
| 
| /* Override any GCC internal prototype to avoid an error.
|    Use char because int might match the return type of a GCC
|    builtin and then its argument prototype would still apply.  */
| #ifdef __cplusplus
| extern "C"
| #endif
| char ioperm ();
| int
| main ()
| {
| return ioperm ();
|   ;
|   return 0;
| }
configure:13005: gcc -o conftest.exe -g -O2   conftest.c -lioperm   >&5
C:/msys64/mingw32/bin/../lib/gcc/i686-w64-mingw32/10.2.0/../../../../i686-w64-mingw32/bin/ld.exe: cannot find -lioperm
collect2.exe: error: ld returned 1 exit status
configure:13005: $? = 1
configure: failed program was:
| /* confdefs.h */
| #define PACKAGE_NAME "openocd"
| #define PACKAGE_TARNAME "openocd"
| #define PACKAGE_VERSION "0.10.0-dev"
| #define PACKAGE_STRING "openocd 0.10.0-dev"
| #define PACKAGE_BUGREPORT "OpenOCD Mailing List <openocd-devel@lists.sourceforge.net>"
| #define PACKAGE_URL ""
| #define PACKAGE "openocd"
| #define VERSION "0.10.0-dev"
| #define STDC_HEADERS 1
| #define HAVE_SYS_TYPES_H 1
| #define HAVE_SYS_STAT_H 1
| #define HAVE_STDLIB_H 1
| #define HAVE_STRING_H 1
| #define HAVE_MEMORY_H 1
| #define HAVE_STRINGS_H 1
| #define HAVE_INTTYPES_H 1
| #define HAVE_STDINT_H 1
| #define HAVE_UNISTD_H 1
| #define LT_OBJDIR ".libs/"
| #define HAVE_UNSIGNED_LONG_LONG_INT 1
| #define HAVE_LONG_LONG_INT 1
| /* end confdefs.h.  */
| 
| /* Override any GCC internal prototype to avoid an error.
|    Use char because int might match the return type of a GCC
|    builtin and then its argument prototype would still apply.  */
| #ifdef __cplusplus
| extern "C"
| #endif
| char ioperm ();
| int
| main ()
| {
| return ioperm ();
|   ;
|   return 0;
| }
configure:13022: result: no
configure:13030: checking for library containing dlopen
configure:13061: gcc -o conftest.exe -g -O2   conftest.c  >&5
C:/msys64/mingw32/bin/../lib/gcc/i686-w64-mingw32/10.2.0/../../../../i686-w64-mingw32/bin/ld.exe: C:\msys64\tmp\ccCOZsX6.o: in function `main':
C:\msys64\home\CCLI0\OpenNuvoton\OpenNuvoton_OpenOCD/conftest.c:35: undefined reference to `dlopen'
collect2.exe: error: ld returned 1 exit status
configure:13061: $? = 1
configure: failed program was:
| /* confdefs.h */
| #define PACKAGE_NAME "openocd"
| #define PACKAGE_TARNAME "openocd"
| #define PACKAGE_VERSION "0.10.0-dev"
| #define PACKAGE_STRING "openocd 0.10.0-dev"
| #define PACKAGE_BUGREPORT "OpenOCD Mailing List <openocd-devel@lists.sourceforge.net>"
| #define PACKAGE_URL ""
| #define PACKAGE "openocd"
| #define VERSION "0.10.0-dev"
| #define STDC_HEADERS 1
| #define HAVE_SYS_TYPES_H 1
| #define HAVE_SYS_STAT_H 1
| #define HAVE_STDLIB_H 1
| #define HAVE_STRING_H 1
| #define HAVE_MEMORY_H 1
| #define HAVE_STRINGS_H 1
| #define HAVE_INTTYPES_H 1
| #define HAVE_STDINT_H 1
| #define HAVE_UNISTD_H 1
| #define LT_OBJDIR ".libs/"
| #define HAVE_UNSIGNED_LONG_LONG_INT 1
| #define HAVE_LONG_LONG_INT 1
| /* end confdefs.h.  */
| 
| /* Override any GCC internal prototype to avoid an error.
|    Use char because int might match the return type of a GCC
|    builtin and then its argument prototype would still apply.  */
| #ifdef __cplusplus
| extern "C"
| #endif
| char dlopen ();
| int
| main ()
| {
| return dlopen ();
|   ;
|   return 0;
| }
configure:13061: gcc -o conftest.exe -g -O2   conftest.c -ldl   >&5
C:/msys64/mingw32/bin/../lib/gcc/i686-w64-mingw32/10.2.0/../../../../i686-w64-mingw32/bin/ld.exe: cannot find -ldl
collect2.exe: error: ld returned 1 exit status
configure:13061: $? = 1
configure: failed program was:
| /* confdefs.h */
| #define PACKAGE_NAME "openocd"
| #define PACKAGE_TARNAME "openocd"
| #define PACKAGE_VERSION "0.10.0-dev"
| #define PACKAGE_STRING "openocd 0.10.0-dev"
| #define PACKAGE_BUGREPORT "OpenOCD Mailing List <openocd-devel@lists.sourceforge.net>"
| #define PACKAGE_URL ""
| #define PACKAGE "openocd"
| #define VERSION "0.10.0-dev"
| #define STDC_HEADERS 1
| #define HAVE_SYS_TYPES_H 1
| #define HAVE_SYS_STAT_H 1
| #define HAVE_STDLIB_H 1
| #define HAVE_STRING_H 1
| #define HAVE_MEMORY_H 1
| #define HAVE_STRINGS_H 1
| #define HAVE_INTTYPES_H 1
| #define HAVE_STDINT_H 1
| #define HAVE_UNISTD_H 1
| #define LT_OBJDIR ".libs/"
| #define HAVE_UNSIGNED_LONG_LONG_INT 1
| #define HAVE_LONG_LONG_INT 1
| /* end confdefs.h.  */
| 
| /* Override any GCC internal prototype to avoid an error.
|    Use char because int might match the return type of a GCC
|    builtin and then its argument prototype would still apply.  */
| #ifdef __cplusplus
| extern "C"
| #endif
| char dlopen ();
| int
| main ()
| {
| return dlopen ();
|   ;
|   return 0;
| }
configure:13078: result: no
configure:13089: checking sys/socket.h usability
configure:13089: gcc -c -g -O2  conftest.c >&5
conftest.c:57:10: fatal error: sys/socket.h: No such file or directory
   57 | #include <sys/socket.h>
      |          ^~~~~~~~~~~~~~
compilation terminated.
configure:13089: $? = 1
configure: failed program was:
| /* confdefs.h */
| #define PACKAGE_NAME "openocd"
| #define PACKAGE_TARNAME "openocd"
| #define PACKAGE_VERSION "0.10.0-dev"
| #define PACKAGE_STRING "openocd 0.10.0-dev"
| #define PACKAGE_BUGREPORT "OpenOCD Mailing List <openocd-devel@lists.sourceforge.net>"
| #define PACKAGE_URL ""
| #define PACKAGE "openocd"
| #define VERSION "0.10.0-dev"
| #define STDC_HEADERS 1
| #define HAVE_SYS_TYPES_H 1
| #define HAVE_SYS_STAT_H 1
| #define HAVE_STDLIB_H 1
| #define HAVE_STRING_H 1
| #define HAVE_MEMORY_H 1
| #define HAVE_STRINGS_H 1
| #define HAVE_INTTYPES_H 1
| #define HAVE_STDINT_H 1
| #define HAVE_UNISTD_H 1
| #define LT_OBJDIR ".libs/"
| #define HAVE_UNSIGNED_LONG_LONG_INT 1
| #define HAVE_LONG_LONG_INT 1
| /* end confdefs.h.  */
| #include <stdio.h>
| #ifdef HAVE_SYS_TYPES_H
| # include <sys/types.h>
| #endif
| #ifdef HAVE_SYS_STAT_H
| # include <sys/stat.h>
| #endif
| #ifdef STDC_HEADERS
| # include <stdlib.h>
| # include <stddef.h>
| #else
| # ifdef HAVE_STDLIB_H
| #  include <stdlib.h>
| # endif
| #endif
| #ifdef HAVE_STRING_H
| # if !defined STDC_HEADERS && defined HAVE_MEMORY_H
| #  include <memory.h>
| # endif
| # include <string.h>
| #endif
| #ifdef HAVE_STRINGS_H
| # include <strings.h>
| #endif
| #ifdef HAVE_INTTYPES_H
| # include <inttypes.h>
| #endif
| #ifdef HAVE_STDINT_H
| # include <stdint.h>
| #endif
| #ifdef HAVE_UNISTD_H
| # include <unistd.h>
| #endif
| #include <sys/socket.h>
configure:13089: result: no
configure:13089: checking sys/socket.h presence
configure:13089: gcc -E  conftest.c
conftest.c:24:10: fatal error: sys/socket.h: No such file or directory
   24 | #include <sys/socket.h>
      |          ^~~~~~~~~~~~~~
compilation terminated.
configure:13089: $? = 1
configure: failed program was:
| /* confdefs.h */
| #define PACKAGE_NAME "openocd"
| #define PACKAGE_TARNAME "openocd"
| #define PACKAGE_VERSION "0.10.0-dev"
| #define PACKAGE_STRING "openocd 0.10.0-dev"
| #define PACKAGE_BUGREPORT "OpenOCD Mailing List <openocd-devel@lists.sourceforge.net>"
| #define PACKAGE_URL ""
| #define PACKAGE "openocd"
| #define VERSION "0.10.0-dev"
| #define STDC_HEADERS 1
| #define HAVE_SYS_TYPES_H 1
| #define HAVE_SYS_STAT_H 1
| #define HAVE_STDLIB_H 1
| #define HAVE_STRING_H 1
| #define HAVE_MEMORY_H 1
| #define HAVE_STRINGS_H 1
| #define HAVE_INTTYPES_H 1
| #define HAVE_STDINT_H 1
| #define HAVE_UNISTD_H 1
| #define LT_OBJDIR ".libs/"
| #define HAVE_UNSIGNED_LONG_LONG_INT 1
| #define HAVE_LONG_LONG_INT 1
| /* end confdefs.h.  */
| #include <sys/socket.h>
configure:13089: result: no
configure:13089: checking for sys/socket.h
configure:13089: result: no
configure:13101: checking for arpa/inet.h
configure:13101: gcc -c -g -O2  conftest.c >&5
conftest.c:38:10: fatal error: arpa/inet.h: No such file or directory
   38 | #include <arpa/inet.h>
      |          ^~~~~~~~~~~~~
compilation terminated.
configure:13101: $? = 1
configure: failed program was:
| /* confdefs.h */
| #define PACKAGE_NAME "openocd"
| #define PACKAGE_TARNAME "openocd"
| #define PACKAGE_VERSION "0.10.0-dev"
| #define PACKAGE_STRING "openocd 0.10.0-dev"
| #define PACKAGE_BUGREPORT "OpenOCD Mailing List <openocd-devel@lists.sourceforge.net>"
| #define PACKAGE_URL ""
| #define PACKAGE "openocd"
| #define VERSION "0.10.0-dev"
| #define STDC_HEADERS 1
| #define HAVE_SYS_TYPES_H 1
| #define HAVE_SYS_STAT_H 1
| #define HAVE_STDLIB_H 1
| #define HAVE_STRING_H 1
| #define HAVE_MEMORY_H 1
| #define HAVE_STRINGS_H 1
| #define HAVE_INTTYPES_H 1
| #define HAVE_STDINT_H 1
| #define HAVE_UNISTD_H 1
| #define LT_OBJDIR ".libs/"
| #define HAVE_UNSIGNED_LONG_LONG_INT 1
| #define HAVE_LONG_LONG_INT 1
| /* end confdefs.h.  */
| #include <stdio.h>
| #ifdef STDC_HEADERS
| # include <stdlib.h>
| # include <stddef.h>
| #else
| # ifdef HAVE_STDLIB_H
| #  include <stdlib.h>
| # endif
| #endif
| #ifdef HAVE_SYS_SOCKET_H
| # include <sys/socket.h>
| #endif
| 
| 
| #include <arpa/inet.h>
configure:13101: result: no
configure:13126: checking elf.h usability
configure:13126: gcc -c -g -O2  conftest.c >&5
conftest.c:57:10: fatal error: elf.h: No such file or directory
   57 | #include <elf.h>
      |          ^~~~~~~
compilation terminated.
configure:13126: $? = 1
configure: failed program was:
| /* confdefs.h */
| #define PACKAGE_NAME "openocd"
| #define PACKAGE_TARNAME "openocd"
| #define PACKAGE_VERSION "0.10.0-dev"
| #define PACKAGE_STRING "openocd 0.10.0-dev"
| #define PACKAGE_BUGREPORT "OpenOCD Mailing List <openocd-devel@lists.sourceforge.net>"
| #define PACKAGE_URL ""
| #define PACKAGE "openocd"
| #define VERSION "0.10.0-dev"
| #define STDC_HEADERS 1
| #define HAVE_SYS_TYPES_H 1
| #define HAVE_SYS_STAT_H 1
| #define HAVE_STDLIB_H 1
| #define HAVE_STRING_H 1
| #define HAVE_MEMORY_H 1
| #define HAVE_STRINGS_H 1
| #define HAVE_INTTYPES_H 1
| #define HAVE_STDINT_H 1
| #define HAVE_UNISTD_H 1
| #define LT_OBJDIR ".libs/"
| #define HAVE_UNSIGNED_LONG_LONG_INT 1
| #define HAVE_LONG_LONG_INT 1
| /* end confdefs.h.  */
| #include <stdio.h>
| #ifdef HAVE_SYS_TYPES_H
| # include <sys/types.h>
| #endif
| #ifdef HAVE_SYS_STAT_H
| # include <sys/stat.h>
| #endif
| #ifdef STDC_HEADERS
| # include <stdlib.h>
| # include <stddef.h>
| #else
| # ifdef HAVE_STDLIB_H
| #  include <stdlib.h>
| # endif
| #endif
| #ifdef HAVE_STRING_H
| # if !defined STDC_HEADERS && defined HAVE_MEMORY_H
| #  include <memory.h>
| # endif
| # include <string.h>
| #endif
| #ifdef HAVE_STRINGS_H
| # include <strings.h>
| #endif
| #ifdef HAVE_INTTYPES_H
| # include <inttypes.h>
| #endif
| #ifdef HAVE_STDINT_H
| # include <stdint.h>
| #endif
| #ifdef HAVE_UNISTD_H
| # include <unistd.h>
| #endif
| #include <elf.h>
configure:13126: result: no
configure:13126: checking elf.h presence
configure:13126: gcc -E  conftest.c
conftest.c:24:10: fatal error: elf.h: No such file or directory
   24 | #include <elf.h>
      |          ^~~~~~~
compilation terminated.
configure:13126: $? = 1
configure: failed program was:
| /* confdefs.h */
| #define PACKAGE_NAME "openocd"
| #define PACKAGE_TARNAME "openocd"
| #define PACKAGE_VERSION "0.10.0-dev"
| #define PACKAGE_STRING "openocd 0.10.0-dev"
| #define PACKAGE_BUGREPORT "OpenOCD Mailing List <openocd-devel@lists.sourceforge.net>"
| #define PACKAGE_URL ""
| #define PACKAGE "openocd"
| #define VERSION "0.10.0-dev"
| #define STDC_HEADERS 1
| #define HAVE_SYS_TYPES_H 1
| #define HAVE_SYS_STAT_H 1
| #define HAVE_STDLIB_H 1
| #define HAVE_STRING_H 1
| #define HAVE_MEMORY_H 1
| #define HAVE_STRINGS_H 1
| #define HAVE_INTTYPES_H 1
| #define HAVE_STDINT_H 1
| #define HAVE_UNISTD_H 1
| #define LT_OBJDIR ".libs/"
| #define HAVE_UNSIGNED_LONG_LONG_INT 1
| #define HAVE_LONG_LONG_INT 1
| /* end confdefs.h.  */
| #include <elf.h>
configure:13126: result: no
configure:13126: checking for elf.h
configure:13126: result: no
configure:13138: checking dirent.h usability
configure:13138: gcc -c -g -O2  conftest.c >&5
configure:13138: $? = 0
configure:13138: result: yes
configure:13138: checking dirent.h presence
configure:13138: gcc -E  conftest.c
configure:13138: $? = 0
configure:13138: result: yes
configure:13138: checking for dirent.h
configure:13138: result: yes
configure:13150: checking fcntl.h usability
configure:13150: gcc -c -g -O2  conftest.c >&5
configure:13150: $? = 0
configure:13150: result: yes
configure:13150: checking fcntl.h presence
configure:13150: gcc -E  conftest.c
configure:13150: $? = 0
configure:13150: result: yes
configure:13150: checking for fcntl.h
configure:13150: result: yes
configure:13162: checking for ifaddrs.h
configure:13162: gcc -c -g -O2  conftest.c >&5
conftest.c:40:10: fatal error: ifaddrs.h: No such file or directory
   40 | #include <ifaddrs.h>
      |          ^~~~~~~~~~~
compilation terminated.
configure:13162: $? = 1
configure: failed program was:
| /* confdefs.h */
| #define PACKAGE_NAME "openocd"
| #define PACKAGE_TARNAME "openocd"
| #define PACKAGE_VERSION "0.10.0-dev"
| #define PACKAGE_STRING "openocd 0.10.0-dev"
| #define PACKAGE_BUGREPORT "OpenOCD Mailing List <openocd-devel@lists.sourceforge.net>"
| #define PACKAGE_URL ""
| #define PACKAGE "openocd"
| #define VERSION "0.10.0-dev"
| #define STDC_HEADERS 1
| #define HAVE_SYS_TYPES_H 1
| #define HAVE_SYS_STAT_H 1
| #define HAVE_STDLIB_H 1
| #define HAVE_STRING_H 1
| #define HAVE_MEMORY_H 1
| #define HAVE_STRINGS_H 1
| #define HAVE_INTTYPES_H 1
| #define HAVE_STDINT_H 1
| #define HAVE_UNISTD_H 1
| #define LT_OBJDIR ".libs/"
| #define HAVE_UNSIGNED_LONG_LONG_INT 1
| #define HAVE_LONG_LONG_INT 1
| #define HAVE_DIRENT_H 1
| #define HAVE_FCNTL_H 1
| /* end confdefs.h.  */
| #include <stdio.h>
| #ifdef STDC_HEADERS
| # include <stdlib.h>
| # include <stddef.h>
| #else
| # ifdef HAVE_STDLIB_H
| #  include <stdlib.h>
| # endif
| #endif
| #ifdef HAVE_SYS_SOCKET_H
| # include <sys/socket.h>
| #endif
| 
| 
| #include <ifaddrs.h>
configure:13162: result: no
configure:13187: checking malloc.h usability
configure:13187: gcc -c -g -O2  conftest.c >&5
configure:13187: $? = 0
configure:13187: result: yes
configure:13187: checking malloc.h presence
configure:13187: gcc -E  conftest.c
configure:13187: $? = 0
configure:13187: result: yes
configure:13187: checking for malloc.h
configure:13187: result: yes
configure:13199: checking netdb.h usability
configure:13199: gcc -c -g -O2  conftest.c >&5
conftest.c:60:10: fatal error: netdb.h: No such file or directory
   60 | #include <netdb.h>
      |          ^~~~~~~~~
compilation terminated.
configure:13199: $? = 1
configure: failed program was:
| /* confdefs.h */
| #define PACKAGE_NAME "openocd"
| #define PACKAGE_TARNAME "openocd"
| #define PACKAGE_VERSION "0.10.0-dev"
| #define PACKAGE_STRING "openocd 0.10.0-dev"
| #define PACKAGE_BUGREPORT "OpenOCD Mailing List <openocd-devel@lists.sourceforge.net>"
| #define PACKAGE_URL ""
| #define PACKAGE "openocd"
| #define VERSION "0.10.0-dev"
| #define STDC_HEADERS 1
| #define HAVE_SYS_TYPES_H 1
| #define HAVE_SYS_STAT_H 1
| #define HAVE_STDLIB_H 1
| #define HAVE_STRING_H 1
| #define HAVE_MEMORY_H 1
| #define HAVE_STRINGS_H 1
| #define HAVE_INTTYPES_H 1
| #define HAVE_STDINT_H 1
| #define HAVE_UNISTD_H 1
| #define LT_OBJDIR ".libs/"
| #define HAVE_UNSIGNED_LONG_LONG_INT 1
| #define HAVE_LONG_LONG_INT 1
| #define HAVE_DIRENT_H 1
| #define HAVE_FCNTL_H 1
| #define HAVE_MALLOC_H 1
| /* end confdefs.h.  */
| #include <stdio.h>
| #ifdef HAVE_SYS_TYPES_H
| # include <sys/types.h>
| #endif
| #ifdef HAVE_SYS_STAT_H
| # include <sys/stat.h>
| #endif
| #ifdef STDC_HEADERS
| # include <stdlib.h>
| # include <stddef.h>
| #else
| # ifdef HAVE_STDLIB_H
| #  include <stdlib.h>
| # endif
| #endif
| #ifdef HAVE_STRING_H
| # if !defined STDC_HEADERS && defined HAVE_MEMORY_H
| #  include <memory.h>
| # endif
| # include <string.h>
| #endif
| #ifdef HAVE_STRINGS_H
| # include <strings.h>
| #endif
| #ifdef HAVE_INTTYPES_H
| # include <inttypes.h>
| #endif
| #ifdef HAVE_STDINT_H
| # include <stdint.h>
| #endif
| #ifdef HAVE_UNISTD_H
| # include <unistd.h>
| #endif
| #include <netdb.h>
configure:13199: result: no
configure:13199: checking netdb.h presence
configure:13199: gcc -E  conftest.c
conftest.c:27:10: fatal error: netdb.h: No such file or directory
   27 | #include <netdb.h>
      |          ^~~~~~~~~
compilation terminated.
configure:13199: $? = 1
configure: failed program was:
| /* confdefs.h */
| #define PACKAGE_NAME "openocd"
| #define PACKAGE_TARNAME "openocd"
| #define PACKAGE_VERSION "0.10.0-dev"
| #define PACKAGE_STRING "openocd 0.10.0-dev"
| #define PACKAGE_BUGREPORT "OpenOCD Mailing List <openocd-devel@lists.sourceforge.net>"
| #define PACKAGE_URL ""
| #define PACKAGE "openocd"
| #define VERSION "0.10.0-dev"
| #define STDC_HEADERS 1
| #define HAVE_SYS_TYPES_H 1
| #define HAVE_SYS_STAT_H 1
| #define HAVE_STDLIB_H 1
| #define HAVE_STRING_H 1
| #define HAVE_MEMORY_H 1
| #define HAVE_STRINGS_H 1
| #define HAVE_INTTYPES_H 1
| #define HAVE_STDINT_H 1
| #define HAVE_UNISTD_H 1
| #define LT_OBJDIR ".libs/"
| #define HAVE_UNSIGNED_LONG_LONG_INT 1
| #define HAVE_LONG_LONG_INT 1
| #define HAVE_DIRENT_H 1
| #define HAVE_FCNTL_H 1
| #define HAVE_MALLOC_H 1
| /* end confdefs.h.  */
| #include <netdb.h>
configure:13199: result: no
configure:13199: checking for netdb.h
configure:13199: result: no
configure:13211: checking for netinet/in.h
configure:13211: gcc -c -g -O2  conftest.c >&5
conftest.c:41:10: fatal error: netinet/in.h: No such file or directory
   41 | #include <netinet/in.h>
      |          ^~~~~~~~~~~~~~
compilation terminated.
configure:13211: $? = 1
configure: failed program was:
| /* confdefs.h */
| #define PACKAGE_NAME "openocd"
| #define PACKAGE_TARNAME "openocd"
| #define PACKAGE_VERSION "0.10.0-dev"
| #define PACKAGE_STRING "openocd 0.10.0-dev"
| #define PACKAGE_BUGREPORT "OpenOCD Mailing List <openocd-devel@lists.sourceforge.net>"
| #define PACKAGE_URL ""
| #define PACKAGE "openocd"
| #define VERSION "0.10.0-dev"
| #define STDC_HEADERS 1
| #define HAVE_SYS_TYPES_H 1
| #define HAVE_SYS_STAT_H 1
| #define HAVE_STDLIB_H 1
| #define HAVE_STRING_H 1
| #define HAVE_MEMORY_H 1
| #define HAVE_STRINGS_H 1
| #define HAVE_INTTYPES_H 1
| #define HAVE_STDINT_H 1
| #define HAVE_UNISTD_H 1
| #define LT_OBJDIR ".libs/"
| #define HAVE_UNSIGNED_LONG_LONG_INT 1
| #define HAVE_LONG_LONG_INT 1
| #define HAVE_DIRENT_H 1
| #define HAVE_FCNTL_H 1
| #define HAVE_MALLOC_H 1
| /* end confdefs.h.  */
| #include <stdio.h>
| #ifdef STDC_HEADERS
| # include <stdlib.h>
| # include <stddef.h>
| #else
| # ifdef HAVE_STDLIB_H
| #  include <stdlib.h>
| # endif
| #endif
| #ifdef HAVE_SYS_SOCKET_H
| # include <sys/socket.h>
| #endif
| 
| 
| #include <netinet/in.h>
configure:13211: result: no
configure:13236: checking for netinet/tcp.h
configure:13236: gcc -c -g -O2  conftest.c >&5
conftest.c:41:10: fatal error: netinet/tcp.h: No such file or directory
   41 | #include <netinet/tcp.h>
      |          ^~~~~~~~~~~~~~~
compilation terminated.
configure:13236: $? = 1
configure: failed program was:
| /* confdefs.h */
| #define PACKAGE_NAME "openocd"
| #define PACKAGE_TARNAME "openocd"
| #define PACKAGE_VERSION "0.10.0-dev"
| #define PACKAGE_STRING "openocd 0.10.0-dev"
| #define PACKAGE_BUGREPORT "OpenOCD Mailing List <openocd-devel@lists.sourceforge.net>"
| #define PACKAGE_URL ""
| #define PACKAGE "openocd"
| #define VERSION "0.10.0-dev"
| #define STDC_HEADERS 1
| #define HAVE_SYS_TYPES_H 1
| #define HAVE_SYS_STAT_H 1
| #define HAVE_STDLIB_H 1
| #define HAVE_STRING_H 1
| #define HAVE_MEMORY_H 1
| #define HAVE_STRINGS_H 1
| #define HAVE_INTTYPES_H 1
| #define HAVE_STDINT_H 1
| #define HAVE_UNISTD_H 1
| #define LT_OBJDIR ".libs/"
| #define HAVE_UNSIGNED_LONG_LONG_INT 1
| #define HAVE_LONG_LONG_INT 1
| #define HAVE_DIRENT_H 1
| #define HAVE_FCNTL_H 1
| #define HAVE_MALLOC_H 1
| /* end confdefs.h.  */
| #include <stdio.h>
| #ifdef STDC_HEADERS
| # include <stdlib.h>
| # include <stddef.h>
| #else
| # ifdef HAVE_STDLIB_H
| #  include <stdlib.h>
| # endif
| #endif
| #ifdef HAVE_SYS_SOCKET_H
| # include <sys/socket.h>
| #endif
| 
| 
| #include <netinet/tcp.h>
configure:13236: result: no
configure:13261: checking poll.h usability
configure:13261: gcc -c -g -O2  conftest.c >&5
conftest.c:60:10: fatal error: poll.h: No such file or directory
   60 | #include <poll.h>
      |          ^~~~~~~~
compilation terminated.
configure:13261: $? = 1
configure: failed program was:
| /* confdefs.h */
| #define PACKAGE_NAME "openocd"
| #define PACKAGE_TARNAME "openocd"
| #define PACKAGE_VERSION "0.10.0-dev"
| #define PACKAGE_STRING "openocd 0.10.0-dev"
| #define PACKAGE_BUGREPORT "OpenOCD Mailing List <openocd-devel@lists.sourceforge.net>"
| #define PACKAGE_URL ""
| #define PACKAGE "openocd"
| #define VERSION "0.10.0-dev"
| #define STDC_HEADERS 1
| #define HAVE_SYS_TYPES_H 1
| #define HAVE_SYS_STAT_H 1
| #define HAVE_STDLIB_H 1
| #define HAVE_STRING_H 1
| #define HAVE_MEMORY_H 1
| #define HAVE_STRINGS_H 1
| #define HAVE_INTTYPES_H 1
| #define HAVE_STDINT_H 1
| #define HAVE_UNISTD_H 1
| #define LT_OBJDIR ".libs/"
| #define HAVE_UNSIGNED_LONG_LONG_INT 1
| #define HAVE_LONG_LONG_INT 1
| #define HAVE_DIRENT_H 1
| #define HAVE_FCNTL_H 1
| #define HAVE_MALLOC_H 1
| /* end confdefs.h.  */
| #include <stdio.h>
| #ifdef HAVE_SYS_TYPES_H
| # include <sys/types.h>
| #endif
| #ifdef HAVE_SYS_STAT_H
| # include <sys/stat.h>
| #endif
| #ifdef STDC_HEADERS
| # include <stdlib.h>
| # include <stddef.h>
| #else
| # ifdef HAVE_STDLIB_H
| #  include <stdlib.h>
| # endif
| #endif
| #ifdef HAVE_STRING_H
| # if !defined STDC_HEADERS && defined HAVE_MEMORY_H
| #  include <memory.h>
| # endif
| # include <string.h>
| #endif
| #ifdef HAVE_STRINGS_H
| # include <strings.h>
| #endif
| #ifdef HAVE_INTTYPES_H
| # include <inttypes.h>
| #endif
| #ifdef HAVE_STDINT_H
| # include <stdint.h>
| #endif
| #ifdef HAVE_UNISTD_H
| # include <unistd.h>
| #endif
| #include <poll.h>
configure:13261: result: no
configure:13261: checking poll.h presence
configure:13261: gcc -E  conftest.c
conftest.c:27:10: fatal error: poll.h: No such file or directory
   27 | #include <poll.h>
      |          ^~~~~~~~
compilation terminated.
configure:13261: $? = 1
configure: failed program was:
| /* confdefs.h */
| #define PACKAGE_NAME "openocd"
| #define PACKAGE_TARNAME "openocd"
| #define PACKAGE_VERSION "0.10.0-dev"
| #define PACKAGE_STRING "openocd 0.10.0-dev"
| #define PACKAGE_BUGREPORT "OpenOCD Mailing List <openocd-devel@lists.sourceforge.net>"
| #define PACKAGE_URL ""
| #define PACKAGE "openocd"
| #define VERSION "0.10.0-dev"
| #define STDC_HEADERS 1
| #define HAVE_SYS_TYPES_H 1
| #define HAVE_SYS_STAT_H 1
| #define HAVE_STDLIB_H 1
| #define HAVE_STRING_H 1
| #define HAVE_MEMORY_H 1
| #define HAVE_STRINGS_H 1
| #define HAVE_INTTYPES_H 1
| #define HAVE_STDINT_H 1
| #define HAVE_UNISTD_H 1
| #define LT_OBJDIR ".libs/"
| #define HAVE_UNSIGNED_LONG_LONG_INT 1
| #define HAVE_LONG_LONG_INT 1
| #define HAVE_DIRENT_H 1
| #define HAVE_FCNTL_H 1
| #define HAVE_MALLOC_H 1
| /* end confdefs.h.  */
| #include <poll.h>
configure:13261: result: no
configure:13261: checking for poll.h
configure:13261: result: no
configure:13273: checking pthread.h usability
configure:13273: gcc -c -g -O2  conftest.c >&5
configure:13273: $? = 0
configure:13273: result: yes
configure:13273: checking pthread.h presence
configure:13273: gcc -E  conftest.c
configure:13273: $? = 0
configure:13273: result: yes
configure:13273: checking for pthread.h
configure:13273: result: yes
configure:13285: checking for strings.h
configure:13285: result: yes
configure:13297: checking sys/ioctl.h usability
configure:13297: gcc -c -g -O2  conftest.c >&5
conftest.c:62:10: fatal error: sys/ioctl.h: No such file or directory
   62 | #include <sys/ioctl.h>
      |          ^~~~~~~~~~~~~
compilation terminated.
configure:13297: $? = 1
configure: failed program was:
| /* confdefs.h */
| #define PACKAGE_NAME "openocd"
| #define PACKAGE_TARNAME "openocd"
| #define PACKAGE_VERSION "0.10.0-dev"
| #define PACKAGE_STRING "openocd 0.10.0-dev"
| #define PACKAGE_BUGREPORT "OpenOCD Mailing List <openocd-devel@lists.sourceforge.net>"
| #define PACKAGE_URL ""
| #define PACKAGE "openocd"
| #define VERSION "0.10.0-dev"
| #define STDC_HEADERS 1
| #define HAVE_SYS_TYPES_H 1
| #define HAVE_SYS_STAT_H 1
| #define HAVE_STDLIB_H 1
| #define HAVE_STRING_H 1
| #define HAVE_MEMORY_H 1
| #define HAVE_STRINGS_H 1
| #define HAVE_INTTYPES_H 1
| #define HAVE_STDINT_H 1
| #define HAVE_UNISTD_H 1
| #define LT_OBJDIR ".libs/"
| #define HAVE_UNSIGNED_LONG_LONG_INT 1
| #define HAVE_LONG_LONG_INT 1
| #define HAVE_DIRENT_H 1
| #define HAVE_FCNTL_H 1
| #define HAVE_MALLOC_H 1
| #define HAVE_PTHREAD_H 1
| #define HAVE_STRINGS_H 1
| /* end confdefs.h.  */
| #include <stdio.h>
| #ifdef HAVE_SYS_TYPES_H
| # include <sys/types.h>
| #endif
| #ifdef HAVE_SYS_STAT_H
| # include <sys/stat.h>
| #endif
| #ifdef STDC_HEADERS
| # include <stdlib.h>
| # include <stddef.h>
| #else
| # ifdef HAVE_STDLIB_H
| #  include <stdlib.h>
| # endif
| #endif
| #ifdef HAVE_STRING_H
| # if !defined STDC_HEADERS && defined HAVE_MEMORY_H
| #  include <memory.h>
| # endif
| # include <string.h>
| #endif
| #ifdef HAVE_STRINGS_H
| # include <strings.h>
| #endif
| #ifdef HAVE_INTTYPES_H
| # include <inttypes.h>
| #endif
| #ifdef HAVE_STDINT_H
| # include <stdint.h>
| #endif
| #ifdef HAVE_UNISTD_H
| # include <unistd.h>
| #endif
| #include <sys/ioctl.h>
configure:13297: result: no
configure:13297: checking sys/ioctl.h presence
configure:13297: gcc -E  conftest.c
conftest.c:29:10: fatal error: sys/ioctl.h: No such file or directory
   29 | #include <sys/ioctl.h>
      |          ^~~~~~~~~~~~~
compilation terminated.
configure:13297: $? = 1
configure: failed program was:
| /* confdefs.h */
| #define PACKAGE_NAME "openocd"
| #define PACKAGE_TARNAME "openocd"
| #define PACKAGE_VERSION "0.10.0-dev"
| #define PACKAGE_STRING "openocd 0.10.0-dev"
| #define PACKAGE_BUGREPORT "OpenOCD Mailing List <openocd-devel@lists.sourceforge.net>"
| #define PACKAGE_URL ""
| #define PACKAGE "openocd"
| #define VERSION "0.10.0-dev"
| #define STDC_HEADERS 1
| #define HAVE_SYS_TYPES_H 1
| #define HAVE_SYS_STAT_H 1
| #define HAVE_STDLIB_H 1
| #define HAVE_STRING_H 1
| #define HAVE_MEMORY_H 1
| #define HAVE_STRINGS_H 1
| #define HAVE_INTTYPES_H 1
| #define HAVE_STDINT_H 1
| #define HAVE_UNISTD_H 1
| #define LT_OBJDIR ".libs/"
| #define HAVE_UNSIGNED_LONG_LONG_INT 1
| #define HAVE_LONG_LONG_INT 1
| #define HAVE_DIRENT_H 1
| #define HAVE_FCNTL_H 1
| #define HAVE_MALLOC_H 1
| #define HAVE_PTHREAD_H 1
| #define HAVE_STRINGS_H 1
| /* end confdefs.h.  */
| #include <sys/ioctl.h>
configure:13297: result: no
configure:13297: checking for sys/ioctl.h
configure:13297: result: no
configure:13309: checking sys/param.h usability
configure:13309: gcc -c -g -O2  conftest.c >&5
configure:13309: $? = 0
configure:13309: result: yes
configure:13309: checking sys/param.h presence
configure:13309: gcc -E  conftest.c
configure:13309: $? = 0
configure:13309: result: yes
configure:13309: checking for sys/param.h
configure:13309: result: yes
configure:13321: checking sys/select.h usability
configure:13321: gcc -c -g -O2  conftest.c >&5
conftest.c:63:10: fatal error: sys/select.h: No such file or directory
   63 | #include <sys/select.h>
      |          ^~~~~~~~~~~~~~
compilation terminated.
configure:13321: $? = 1
configure: failed program was:
| /* confdefs.h */
| #define PACKAGE_NAME "openocd"
| #define PACKAGE_TARNAME "openocd"
| #define PACKAGE_VERSION "0.10.0-dev"
| #define PACKAGE_STRING "openocd 0.10.0-dev"
| #define PACKAGE_BUGREPORT "OpenOCD Mailing List <openocd-devel@lists.sourceforge.net>"
| #define PACKAGE_URL ""
| #define PACKAGE "openocd"
| #define VERSION "0.10.0-dev"
| #define STDC_HEADERS 1
| #define HAVE_SYS_TYPES_H 1
| #define HAVE_SYS_STAT_H 1
| #define HAVE_STDLIB_H 1
| #define HAVE_STRING_H 1
| #define HAVE_MEMORY_H 1
| #define HAVE_STRINGS_H 1
| #define HAVE_INTTYPES_H 1
| #define HAVE_STDINT_H 1
| #define HAVE_UNISTD_H 1
| #define LT_OBJDIR ".libs/"
| #define HAVE_UNSIGNED_LONG_LONG_INT 1
| #define HAVE_LONG_LONG_INT 1
| #define HAVE_DIRENT_H 1
| #define HAVE_FCNTL_H 1
| #define HAVE_MALLOC_H 1
| #define HAVE_PTHREAD_H 1
| #define HAVE_STRINGS_H 1
| #define HAVE_SYS_PARAM_H 1
| /* end confdefs.h.  */
| #include <stdio.h>
| #ifdef HAVE_SYS_TYPES_H
| # include <sys/types.h>
| #endif
| #ifdef HAVE_SYS_STAT_H
| # include <sys/stat.h>
| #endif
| #ifdef STDC_HEADERS
| # include <stdlib.h>
| # include <stddef.h>
| #else
| # ifdef HAVE_STDLIB_H
| #  include <stdlib.h>
| # endif
| #endif
| #ifdef HAVE_STRING_H
| # if !defined STDC_HEADERS && defined HAVE_MEMORY_H
| #  include <memory.h>
| # endif
| # include <string.h>
| #endif
| #ifdef HAVE_STRINGS_H
| # include <strings.h>
| #endif
| #ifdef HAVE_INTTYPES_H
| # include <inttypes.h>
| #endif
| #ifdef HAVE_STDINT_H
| # include <stdint.h>
| #endif
| #ifdef HAVE_UNISTD_H
| # include <unistd.h>
| #endif
| #include <sys/select.h>
configure:13321: result: no
configure:13321: checking sys/select.h presence
configure:13321: gcc -E  conftest.c
conftest.c:30:10: fatal error: sys/select.h: No such file or directory
   30 | #include <sys/select.h>
      |          ^~~~~~~~~~~~~~
compilation terminated.
configure:13321: $? = 1
configure: failed program was:
| /* confdefs.h */
| #define PACKAGE_NAME "openocd"
| #define PACKAGE_TARNAME "openocd"
| #define PACKAGE_VERSION "0.10.0-dev"
| #define PACKAGE_STRING "openocd 0.10.0-dev"
| #define PACKAGE_BUGREPORT "OpenOCD Mailing List <openocd-devel@lists.sourceforge.net>"
| #define PACKAGE_URL ""
| #define PACKAGE "openocd"
| #define VERSION "0.10.0-dev"
| #define STDC_HEADERS 1
| #define HAVE_SYS_TYPES_H 1
| #define HAVE_SYS_STAT_H 1
| #define HAVE_STDLIB_H 1
| #define HAVE_STRING_H 1
| #define HAVE_MEMORY_H 1
| #define HAVE_STRINGS_H 1
| #define HAVE_INTTYPES_H 1
| #define HAVE_STDINT_H 1
| #define HAVE_UNISTD_H 1
| #define LT_OBJDIR ".libs/"
| #define HAVE_UNSIGNED_LONG_LONG_INT 1
| #define HAVE_LONG_LONG_INT 1
| #define HAVE_DIRENT_H 1
| #define HAVE_FCNTL_H 1
| #define HAVE_MALLOC_H 1
| #define HAVE_PTHREAD_H 1
| #define HAVE_STRINGS_H 1
| #define HAVE_SYS_PARAM_H 1
| /* end confdefs.h.  */
| #include <sys/select.h>
configure:13321: result: no
configure:13321: checking for sys/select.h
configure:13321: result: no
configure:13333: checking for sys/stat.h
configure:13333: result: yes
configure:13345: checking sys/time.h usability
configure:13345: gcc -c -g -O2  conftest.c >&5
configure:13345: $? = 0
configure:13345: result: yes
configure:13345: checking sys/time.h presence
configure:13345: gcc -E  conftest.c
configure:13345: $? = 0
configure:13345: result: yes
configure:13345: checking for sys/time.h
configure:13345: result: yes
configure:13357: checking for sys/types.h
configure:13357: result: yes
configure:13369: checking for unistd.h
configure:13369: result: yes
configure:13381: checking for net/if.h
configure:13381: gcc -c -g -O2  conftest.c >&5
conftest.c:48:10: fatal error: net/if.h: No such file or directory
   48 | #include <net/if.h>
      |          ^~~~~~~~~~
compilation terminated.
configure:13381: $? = 1
configure: failed program was:
| /* confdefs.h */
| #define PACKAGE_NAME "openocd"
| #define PACKAGE_TARNAME "openocd"
| #define PACKAGE_VERSION "0.10.0-dev"
| #define PACKAGE_STRING "openocd 0.10.0-dev"
| #define PACKAGE_BUGREPORT "OpenOCD Mailing List <openocd-devel@lists.sourceforge.net>"
| #define PACKAGE_URL ""
| #define PACKAGE "openocd"
| #define VERSION "0.10.0-dev"
| #define STDC_HEADERS 1
| #define HAVE_SYS_TYPES_H 1
| #define HAVE_SYS_STAT_H 1
| #define HAVE_STDLIB_H 1
| #define HAVE_STRING_H 1
| #define HAVE_MEMORY_H 1
| #define HAVE_STRINGS_H 1
| #define HAVE_INTTYPES_H 1
| #define HAVE_STDINT_H 1
| #define HAVE_UNISTD_H 1
| #define LT_OBJDIR ".libs/"
| #define HAVE_UNSIGNED_LONG_LONG_INT 1
| #define HAVE_LONG_LONG_INT 1
| #define HAVE_DIRENT_H 1
| #define HAVE_FCNTL_H 1
| #define HAVE_MALLOC_H 1
| #define HAVE_PTHREAD_H 1
| #define HAVE_STRINGS_H 1
| #define HAVE_SYS_PARAM_H 1
| #define HAVE_SYS_STAT_H 1
| #define HAVE_SYS_TIME_H 1
| #define HAVE_SYS_TYPES_H 1
| #define HAVE_UNISTD_H 1
| /* end confdefs.h.  */
| #include <stdio.h>
| #ifdef STDC_HEADERS
| # include <stdlib.h>
| # include <stddef.h>
| #else
| # ifdef HAVE_STDLIB_H
| #  include <stdlib.h>
| # endif
| #endif
| #ifdef HAVE_SYS_SOCKET_H
| # include <sys/socket.h>
| #endif
| 
| 
| #include <net/if.h>
configure:13381: result: no
configure:13406: checking whether to enable assertions
configure:13424: result: yes
configure:13427: checking for stdbool.h that conforms to C99
configure:13494: gcc -c -g -O2  conftest.c >&5
configure:13494: $? = 0
configure:13501: result: yes
configure:13503: checking for _Bool
configure:13503: gcc -c -g -O2  conftest.c >&5
configure:13503: $? = 0
configure:13503: gcc -c -g -O2  conftest.c >&5
conftest.c: In function 'main':
conftest.c:70:20: error: expected expression before ')' token
   70 | if (sizeof ((_Bool)))
      |                    ^
configure:13503: $? = 1
configure: failed program was:
| /* confdefs.h */
| #define PACKAGE_NAME "openocd"
| #define PACKAGE_TARNAME "openocd"
| #define PACKAGE_VERSION "0.10.0-dev"
| #define PACKAGE_STRING "openocd 0.10.0-dev"
| #define PACKAGE_BUGREPORT "OpenOCD Mailing List <openocd-devel@lists.sourceforge.net>"
| #define PACKAGE_URL ""
| #define PACKAGE "openocd"
| #define VERSION "0.10.0-dev"
| #define STDC_HEADERS 1
| #define HAVE_SYS_TYPES_H 1
| #define HAVE_SYS_STAT_H 1
| #define HAVE_STDLIB_H 1
| #define HAVE_STRING_H 1
| #define HAVE_MEMORY_H 1
| #define HAVE_STRINGS_H 1
| #define HAVE_INTTYPES_H 1
| #define HAVE_STDINT_H 1
| #define HAVE_UNISTD_H 1
| #define LT_OBJDIR ".libs/"
| #define HAVE_UNSIGNED_LONG_LONG_INT 1
| #define HAVE_LONG_LONG_INT 1
| #define HAVE_DIRENT_H 1
| #define HAVE_FCNTL_H 1
| #define HAVE_MALLOC_H 1
| #define HAVE_PTHREAD_H 1
| #define HAVE_STRINGS_H 1
| #define HAVE_SYS_PARAM_H 1
| #define HAVE_SYS_STAT_H 1
| #define HAVE_SYS_TIME_H 1
| #define HAVE_SYS_TYPES_H 1
| #define HAVE_UNISTD_H 1
| /* end confdefs.h.  */
| #include <stdio.h>
| #ifdef HAVE_SYS_TYPES_H
| # include <sys/types.h>
| #endif
| #ifdef HAVE_SYS_STAT_H
| # include <sys/stat.h>
| #endif
| #ifdef STDC_HEADERS
| # include <stdlib.h>
| # include <stddef.h>
| #else
| # ifdef HAVE_STDLIB_H
| #  include <stdlib.h>
| # endif
| #endif
| #ifdef HAVE_STRING_H
| # if !defined STDC_HEADERS && defined HAVE_MEMORY_H
| #  include <memory.h>
| # endif
| # include <string.h>
| #endif
| #ifdef HAVE_STRINGS_H
| # include <strings.h>
| #endif
| #ifdef HAVE_INTTYPES_H
| # include <inttypes.h>
| #endif
| #ifdef HAVE_STDINT_H
| # include <stdint.h>
| #endif
| #ifdef HAVE_UNISTD_H
| # include <unistd.h>
| #endif
| int
| main ()
| {
| if (sizeof ((_Bool)))
| 	    return 0;
|   ;
|   return 0;
| }
configure:13503: result: yes
configure:13520: checking whether time.h and sys/time.h may both be included
configure:13540: gcc -c -g -O2  conftest.c >&5
configure:13540: $? = 0
configure:13547: result: yes
configure:13556: checking whether byte ordering is bigendian
configure:13571: gcc -c -g -O2  conftest.c >&5
conftest.c:38:9: error: unknown type name 'not'
   38 |         not a universal capable compiler
      |         ^~~
conftest.c:38:15: error: expected '=', ',', ';', 'asm' or '__attribute__' before 'universal'
   38 |         not a universal capable compiler
      |               ^~~~~~~~~
conftest.c:38:15: error: unknown type name 'universal'
configure:13571: $? = 1
configure: failed program was:
| /* confdefs.h */
| #define PACKAGE_NAME "openocd"
| #define PACKAGE_TARNAME "openocd"
| #define PACKAGE_VERSION "0.10.0-dev"
| #define PACKAGE_STRING "openocd 0.10.0-dev"
| #define PACKAGE_BUGREPORT "OpenOCD Mailing List <openocd-devel@lists.sourceforge.net>"
| #define PACKAGE_URL ""
| #define PACKAGE "openocd"
| #define VERSION "0.10.0-dev"
| #define STDC_HEADERS 1
| #define HAVE_SYS_TYPES_H 1
| #define HAVE_SYS_STAT_H 1
| #define HAVE_STDLIB_H 1
| #define HAVE_STRING_H 1
| #define HAVE_MEMORY_H 1
| #define HAVE_STRINGS_H 1
| #define HAVE_INTTYPES_H 1
| #define HAVE_STDINT_H 1
| #define HAVE_UNISTD_H 1
| #define LT_OBJDIR ".libs/"
| #define HAVE_UNSIGNED_LONG_LONG_INT 1
| #define HAVE_LONG_LONG_INT 1
| #define HAVE_DIRENT_H 1
| #define HAVE_FCNTL_H 1
| #define HAVE_MALLOC_H 1
| #define HAVE_PTHREAD_H 1
| #define HAVE_STRINGS_H 1
| #define HAVE_SYS_PARAM_H 1
| #define HAVE_SYS_STAT_H 1
| #define HAVE_SYS_TIME_H 1
| #define HAVE_SYS_TYPES_H 1
| #define HAVE_UNISTD_H 1
| #define HAVE__BOOL 1
| #define HAVE_STDBOOL_H 1
| #define TIME_WITH_SYS_TIME 1
| /* end confdefs.h.  */
| #ifndef __APPLE_CC__
| 	       not a universal capable compiler
| 	     #endif
| 	     typedef int dummy;
| 
configure:13616: gcc -c -g -O2  conftest.c >&5
configure:13616: $? = 0
configure:13634: gcc -c -g -O2  conftest.c >&5
conftest.c: In function 'main':
conftest.c:44:4: error: unknown type name 'not'; did you mean 'ino_t'?
   44 |    not big endian
      |    ^~~
      |    ino_t
conftest.c:44:12: error: expected '=', ',', ';', 'asm' or '__attribute__' before 'endian'
   44 |    not big endian
      |            ^~~~~~
configure:13634: $? = 1
configure: failed program was:
| /* confdefs.h */
| #define PACKAGE_NAME "openocd"
| #define PACKAGE_TARNAME "openocd"
| #define PACKAGE_VERSION "0.10.0-dev"
| #define PACKAGE_STRING "openocd 0.10.0-dev"
| #define PACKAGE_BUGREPORT "OpenOCD Mailing List <openocd-devel@lists.sourceforge.net>"
| #define PACKAGE_URL ""
| #define PACKAGE "openocd"
| #define VERSION "0.10.0-dev"
| #define STDC_HEADERS 1
| #define HAVE_SYS_TYPES_H 1
| #define HAVE_SYS_STAT_H 1
| #define HAVE_STDLIB_H 1
| #define HAVE_STRING_H 1
| #define HAVE_MEMORY_H 1
| #define HAVE_STRINGS_H 1
| #define HAVE_INTTYPES_H 1
| #define HAVE_STDINT_H 1
| #define HAVE_UNISTD_H 1
| #define LT_OBJDIR ".libs/"
| #define HAVE_UNSIGNED_LONG_LONG_INT 1
| #define HAVE_LONG_LONG_INT 1
| #define HAVE_DIRENT_H 1
| #define HAVE_FCNTL_H 1
| #define HAVE_MALLOC_H 1
| #define HAVE_PTHREAD_H 1
| #define HAVE_STRINGS_H 1
| #define HAVE_SYS_PARAM_H 1
| #define HAVE_SYS_STAT_H 1
| #define HAVE_SYS_TIME_H 1
| #define HAVE_SYS_TYPES_H 1
| #define HAVE_UNISTD_H 1
| #define HAVE__BOOL 1
| #define HAVE_STDBOOL_H 1
| #define TIME_WITH_SYS_TIME 1
| /* end confdefs.h.  */
| #include <sys/types.h>
| 		#include <sys/param.h>
| 
| int
| main ()
| {
| #if BYTE_ORDER != BIG_ENDIAN
| 		 not big endian
| 		#endif
| 
|   ;
|   return 0;
| }
configure:13762: result: no
configure:13783: checking for strndup
configure:13783: gcc -o conftest.exe -g -O2   conftest.c  >&5
conftest.c:60:6: warning: conflicting types for built-in function 'strndup'; expected 'char *(const char *, unsigned int)' [-Wbuiltin-declaration-mismatch]
   60 | char strndup ();
      |      ^~~~~~~
C:/msys64/mingw32/bin/../lib/gcc/i686-w64-mingw32/10.2.0/../../../../i686-w64-mingw32/bin/ld.exe: C:\msys64\tmp\ccqwTWp2.o: in function `main':
C:\msys64\home\CCLI0\OpenNuvoton\OpenNuvoton_OpenOCD/conftest.c:71: undefined reference to `strndup'
collect2.exe: error: ld returned 1 exit status
configure:13783: $? = 1
configure: failed program was:
| /* confdefs.h */
| #define PACKAGE_NAME "openocd"
| #define PACKAGE_TARNAME "openocd"
| #define PACKAGE_VERSION "0.10.0-dev"
| #define PACKAGE_STRING "openocd 0.10.0-dev"
| #define PACKAGE_BUGREPORT "OpenOCD Mailing List <openocd-devel@lists.sourceforge.net>"
| #define PACKAGE_URL ""
| #define PACKAGE "openocd"
| #define VERSION "0.10.0-dev"
| #define STDC_HEADERS 1
| #define HAVE_SYS_TYPES_H 1
| #define HAVE_SYS_STAT_H 1
| #define HAVE_STDLIB_H 1
| #define HAVE_STRING_H 1
| #define HAVE_MEMORY_H 1
| #define HAVE_STRINGS_H 1
| #define HAVE_INTTYPES_H 1
| #define HAVE_STDINT_H 1
| #define HAVE_UNISTD_H 1
| #define LT_OBJDIR ".libs/"
| #define HAVE_UNSIGNED_LONG_LONG_INT 1
| #define HAVE_LONG_LONG_INT 1
| #define HAVE_DIRENT_H 1
| #define HAVE_FCNTL_H 1
| #define HAVE_MALLOC_H 1
| #define HAVE_PTHREAD_H 1
| #define HAVE_STRINGS_H 1
| #define HAVE_SYS_PARAM_H 1
| #define HAVE_SYS_STAT_H 1
| #define HAVE_SYS_TIME_H 1
| #define HAVE_SYS_TYPES_H 1
| #define HAVE_UNISTD_H 1
| #define HAVE__BOOL 1
| #define HAVE_STDBOOL_H 1
| #define TIME_WITH_SYS_TIME 1
| /* end confdefs.h.  */
| /* Define strndup to an innocuous variant, in case <limits.h> declares strndup.
|    For example, HP-UX 11i <limits.h> declares gettimeofday.  */
| #define strndup innocuous_strndup
| 
| /* System header to define __stub macros and hopefully few prototypes,
|     which can conflict with char strndup (); below.
|     Prefer <limits.h> to <assert.h> if __STDC__ is defined, since
|     <limits.h> exists even on freestanding compilers.  */
| 
| #ifdef __STDC__
| # include <limits.h>
| #else
| # include <assert.h>
| #endif
| 
| #undef strndup
| 
| /* Override any GCC internal prototype to avoid an error.
|    Use char because int might match the return type of a GCC
|    builtin and then its argument prototype would still apply.  */
| #ifdef __cplusplus
| extern "C"
| #endif
| char strndup ();
| /* The GNU C library defines this for functions which it implements
|     to always fail with ENOSYS.  Some functions are actually named
|     something starting with __ and the normal name is an alias.  */
| #if defined __stub_strndup || defined __stub___strndup
| choke me
| #endif
| 
| int
| main ()
| {
| return strndup ();
|   ;
|   return 0;
| }
configure:13783: result: no
configure:13794: checking for strnlen
configure:13794: gcc -o conftest.exe -g -O2   conftest.c  >&5
conftest.c:60:6: warning: conflicting types for built-in function 'strnlen'; expected 'unsigned int(const char *, unsigned int)' [-Wbuiltin-declaration-mismatch]
   60 | char strnlen ();
      |      ^~~~~~~
configure:13794: $? = 0
configure:13794: result: yes
configure:13805: checking for gettimeofday
configure:13805: gcc -o conftest.exe -g -O2   conftest.c  >&5
configure:13805: $? = 0
configure:13805: result: yes
configure:13816: checking for usleep
configure:13816: gcc -o conftest.exe -g -O2   conftest.c  >&5
configure:13816: $? = 0
configure:13816: result: yes
configure:13827: checking for vasprintf
configure:13827: gcc -o conftest.exe -g -O2   conftest.c  >&5
configure:13827: $? = 0
configure:13827: result: yes
configure:13845: checking whether to build a release
configure:13852: result: no
configure:13990: checking whether to build Doxygen as HTML
configure:13992: result: yes
configure:14003: checking whether to build Doxygen as PDF
configure:14005: result: no
configure:14065: checking whether to enable verbose JTAG I/O messages
configure:14067: result: no
configure:14075: checking whether to enable verbose USB I/O messages
configure:14077: result: no
configure:14085: checking whether to enable verbose USB communication messages
configure:14087: result: no
configure:14102: checking whether to enable malloc free space logging
configure:14104: result: no
configure:14470: checking whether to enable ZY1000 minidriver
configure:14481: result: no
configure:14492: checking whether to enable dummy minidriver
configure:14506: result: no
configure:14509: checking whether standard drivers can be built
configure:14518: result: yes
configure:15770: checking for LIBUSB1
configure:15777: $PKG_CONFIG --exists --print-errors "libusb-1.0"
configure:15780: $? = 0
configure:15794: $PKG_CONFIG --exists --print-errors "libusb-1.0"
configure:15797: $? = 0
configure:15843: result: yes
configure:15851: $PKG_CONFIG --exists --print-errors "libusb-1.0 >= 1.0.9"
configure:15854: $? = 0
configure:15864: libusb-1.0 header bug workaround: LIBUSB1_CFLAGS changed to "-isystem C:/msys64/mingw32/include/libusb-1.0"
configure:15867: $PKG_CONFIG --exists --print-errors "libusb-1.0 >= 1.0.16"
configure:15870: $? = 0
configure:15881: checking for LIBUSB0
configure:15888: $PKG_CONFIG --exists --print-errors "libusb"
configure:15891: $? = 0
configure:15905: $PKG_CONFIG --exists --print-errors "libusb"
configure:15908: $? = 0
configure:15946: result: yes
configure:15954: checking for HIDAPI
configure:15961: $PKG_CONFIG --exists --print-errors "$hidapi_lib"
configure:15964: $? = 0
configure:15978: $PKG_CONFIG --exists --print-errors "$hidapi_lib"
configure:15981: $? = 0
configure:16023: result: yes
configure:16756: checking for environ in unistd.h and stdlib.h
configure:16774: gcc -c -g -O2 -D__USE_MINGW_ANSI_STDIO  conftest.c >&5
configure:16774: $? = 0
configure:16776: result: yes
configure:16953: checking that generated files are newer than configure
configure:16959: result: done
configure:17199: creating ./config.status

## ---------------------- ##
## Running config.status. ##
## ---------------------- ##

This file was extended by openocd config.status 0.10.0-dev, which was
generated by GNU Autoconf 2.69.  Invocation command line was

  CONFIG_FILES    = 
  CONFIG_HEADERS  = 
  CONFIG_LINKS    = 
  CONFIG_COMMANDS = 
  $ ./config.status 

on OANBE02627

config.status:1310: creating Makefile
config.status:1310: creating src/Makefile
config.status:1310: creating src/helper/Makefile
config.status:1310: creating src/jtag/Makefile
config.status:1310: creating src/jtag/drivers/Makefile
config.status:1310: creating src/jtag/drivers/usb_blaster/Makefile
config.status:1310: creating src/jtag/hla/Makefile
config.status:1310: creating src/jtag/aice/Makefile
config.status:1310: creating src/transport/Makefile
config.status:1310: creating src/target/openrisc/Makefile
config.status:1310: creating src/xsvf/Makefile
config.status:1310: creating src/svf/Makefile
config.status:1310: creating src/target/Makefile
config.status:1310: creating src/rtos/Makefile
config.status:1310: creating src/server/Makefile
config.status:1310: creating src/flash/Makefile
config.status:1310: creating src/flash/nor/Makefile
config.status:1310: creating src/flash/nand/Makefile
config.status:1310: creating src/pld/Makefile
config.status:1310: creating doc/Makefile
config.status:1310: creating config.h
config.status:1539: executing depfiles commands
config.status:1616: cd src       && sed -e '/# am--include-marker/d' Makefile         | make -f - am--depfiles
config.status:1621: $? = 0
config.status:1616: cd src/helper       && sed -e '/# am--include-marker/d' Makefile         | make -f - am--depfiles
config.status:1621: $? = 0
config.status:1616: cd src/jtag       && sed -e '/# am--include-marker/d' Makefile         | make -f - am--depfiles
config.status:1621: $? = 0
config.status:1616: cd src/jtag/drivers       && sed -e '/# am--include-marker/d' Makefile         | make -f - am--depfiles
config.status:1621: $? = 0
config.status:1616: cd src/jtag/drivers/usb_blaster       && sed -e '/# am--include-marker/d' Makefile         | make -f - am--depfiles
config.status:1621: $? = 0
config.status:1616: cd src/jtag/hla       && sed -e '/# am--include-marker/d' Makefile         | make -f - am--depfiles
config.status:1621: $? = 0
config.status:1616: cd src/jtag/aice       && sed -e '/# am--include-marker/d' Makefile         | make -f - am--depfiles
config.status:1621: $? = 0
config.status:1616: cd src/transport       && sed -e '/# am--include-marker/d' Makefile         | make -f - am--depfiles
config.status:1621: $? = 0
config.status:1616: cd src/target/openrisc       && sed -e '/# am--include-marker/d' Makefile         | make -f - am--depfiles
config.status:1621: $? = 0
config.status:1616: cd src/xsvf       && sed -e '/# am--include-marker/d' Makefile         | make -f - am--depfiles
config.status:1621: $? = 0
config.status:1616: cd src/svf       && sed -e '/# am--include-marker/d' Makefile         | make -f - am--depfiles
config.status:1621: $? = 0
config.status:1616: cd src/target       && sed -e '/# am--include-marker/d' Makefile         | make -f - am--depfiles
config.status:1621: $? = 0
config.status:1616: cd src/rtos       && sed -e '/# am--include-marker/d' Makefile         | make -f - am--depfiles
config.status:1621: $? = 0
config.status:1616: cd src/server       && sed -e '/# am--include-marker/d' Makefile         | make -f - am--depfiles
config.status:1621: $? = 0
config.status:1616: cd src/flash       && sed -e '/# am--include-marker/d' Makefile         | make -f - am--depfiles
config.status:1621: $? = 0
config.status:1616: cd src/flash/nor       && sed -e '/# am--include-marker/d' Makefile         | make -f - am--depfiles
config.status:1621: $? = 0
config.status:1616: cd src/flash/nand       && sed -e '/# am--include-marker/d' Makefile         | make -f - am--depfiles
config.status:1621: $? = 0
config.status:1616: cd src/pld       && sed -e '/# am--include-marker/d' Makefile         | make -f - am--depfiles
config.status:1621: $? = 0
config.status:1539: executing libtool commands
configure:19431: === configuring in jimtcl (/home/CCLI0/OpenNuvoton/OpenNuvoton_OpenOCD/jimtcl)
configure:19494: running /bin/sh ./configure.gnu --disable-option-checking '--prefix=/mingw32'  '--disable-werror' 'PKG_CONFIG_PATH=/mingw32/lib/pkgconfig:/mingw32/share/pkgconfig' --cache-file=/dev/null --srcdir=.
configure:19431: === configuring in src/jtag/drivers/libjaylink (/home/CCLI0/OpenNuvoton/OpenNuvoton_OpenOCD/src/jtag/drivers/libjaylink)
configure:19494: running /bin/sh ./configure.gnu --disable-option-checking '--prefix=/mingw32'  '--disable-werror' 'PKG_CONFIG_PATH=/mingw32/lib/pkgconfig:/mingw32/share/pkgconfig' --cache-file=/dev/null --srcdir=.

## ---------------- ##
## Cache variables. ##
## ---------------- ##

ac_cv_build=i686-w64-mingw32
ac_cv_c_bigendian=no
ac_cv_c_compiler_gnu=yes
ac_cv_c_const=yes
ac_cv_env_CC_set=
ac_cv_env_CC_value=
ac_cv_env_CFLAGS_set=
ac_cv_env_CFLAGS_value=
ac_cv_env_CPPFLAGS_set=
ac_cv_env_CPPFLAGS_value=
ac_cv_env_CPP_set=
ac_cv_env_CPP_value=
ac_cv_env_HIDAPI_CFLAGS_set=
ac_cv_env_HIDAPI_CFLAGS_value=
ac_cv_env_HIDAPI_LIBS_set=
ac_cv_env_HIDAPI_LIBS_value=
ac_cv_env_LDFLAGS_set=
ac_cv_env_LDFLAGS_value=
ac_cv_env_LIBFTDI_CFLAGS_set=
ac_cv_env_LIBFTDI_CFLAGS_value=
ac_cv_env_LIBFTDI_LIBS_set=
ac_cv_env_LIBFTDI_LIBS_value=
ac_cv_env_LIBS_set=
ac_cv_env_LIBS_value=
ac_cv_env_LIBUSB0_CFLAGS_set=
ac_cv_env_LIBUSB0_CFLAGS_value=
ac_cv_env_LIBUSB0_LIBS_set=
ac_cv_env_LIBUSB0_LIBS_value=
ac_cv_env_LIBUSB1_CFLAGS_set=
ac_cv_env_LIBUSB1_CFLAGS_value=
ac_cv_env_LIBUSB1_LIBS_set=
ac_cv_env_LIBUSB1_LIBS_value=
ac_cv_env_LT_SYS_LIBRARY_PATH_set=
ac_cv_env_LT_SYS_LIBRARY_PATH_value=
ac_cv_env_PKG_CONFIG_LIBDIR_set=
ac_cv_env_PKG_CONFIG_LIBDIR_value=
ac_cv_env_PKG_CONFIG_PATH_set=set
ac_cv_env_PKG_CONFIG_PATH_value=/mingw32/lib/pkgconfig:/mingw32/share/pkgconfig
ac_cv_env_PKG_CONFIG_set=
ac_cv_env_PKG_CONFIG_value=
ac_cv_env_build_alias_set=
ac_cv_env_build_alias_value=
ac_cv_env_host_alias_set=
ac_cv_env_host_alias_value=
ac_cv_env_libjaylink_CFLAGS_set=
ac_cv_env_libjaylink_CFLAGS_value=
ac_cv_env_libjaylink_LIBS_set=
ac_cv_env_libjaylink_LIBS_value=
ac_cv_env_target_alias_set=
ac_cv_env_target_alias_value=
ac_cv_exeext=.exe
ac_cv_func_gettimeofday=yes
ac_cv_func_strndup=no
ac_cv_func_strnlen=yes
ac_cv_func_usleep=yes
ac_cv_func_vasprintf=yes
ac_cv_header_arpa_inet_h=no
ac_cv_header_dirent_h=yes
ac_cv_header_dlfcn_h=no
ac_cv_header_elf_h=no
ac_cv_header_fcntl_h=yes
ac_cv_header_ifaddrs_h=no
ac_cv_header_inttypes_h=yes
ac_cv_header_malloc_h=yes
ac_cv_header_memory_h=yes
ac_cv_header_net_if_h=no
ac_cv_header_netdb_h=no
ac_cv_header_netinet_in_h=no
ac_cv_header_netinet_tcp_h=no
ac_cv_header_poll_h=no
ac_cv_header_pthread_h=yes
ac_cv_header_stdbool_h=yes
ac_cv_header_stdc=yes
ac_cv_header_stdint_h=yes
ac_cv_header_stdlib_h=yes
ac_cv_header_string_h=yes
ac_cv_header_strings_h=yes
ac_cv_header_sys_ioctl_h=no
ac_cv_header_sys_param_h=yes
ac_cv_header_sys_select_h=no
ac_cv_header_sys_socket_h=no
ac_cv_header_sys_stat_h=yes
ac_cv_header_sys_time_h=yes
ac_cv_header_sys_types_h=yes
ac_cv_header_time=yes
ac_cv_header_unistd_h=yes
ac_cv_host=i686-w64-mingw32
ac_cv_objext=o
ac_cv_path_EGREP='/usr/bin/grep -E'
ac_cv_path_FGREP='/usr/bin/grep -F'
ac_cv_path_GREP=/usr/bin/grep
ac_cv_path_SED=/usr/bin/sed
ac_cv_path_ac_pt_PKG_CONFIG=/mingw32/bin/pkg-config
ac_cv_path_install='/usr/bin/install -c'
ac_cv_path_lt_DD=/usr/bin/dd
ac_cv_path_mkdir=/usr/bin/mkdir
ac_cv_prog_AWK=gawk
ac_cv_prog_CPP='gcc -E'
ac_cv_prog_MAKEINFO=makeinfo
ac_cv_prog_ac_ct_AR=ar
ac_cv_prog_ac_ct_CC=gcc
ac_cv_prog_ac_ct_DLLTOOL=dlltool
ac_cv_prog_ac_ct_OBJDUMP=objdump
ac_cv_prog_ac_ct_RANLIB=ranlib
ac_cv_prog_ac_ct_STRIP=strip
ac_cv_prog_cc_c89=
ac_cv_prog_cc_c99=
ac_cv_prog_cc_g=yes
ac_cv_prog_make_make_set=yes
ac_cv_search_dlopen=no
ac_cv_search_ioperm=no
ac_cv_type__Bool=yes
ac_cv_type_long_long_int=yes
ac_cv_type_unsigned_long_long_int=yes
am_cv_CC_dependencies_compiler_type=gcc3
am_cv_make_support_nested_variables=yes
am_cv_prog_cc_c_o=yes
lt_cv_ar_at_file=@
lt_cv_deplibs_check_method='file_magic ^x86 archive import|^x86 DLL'
lt_cv_file_magic_cmd=func_win32_libid
lt_cv_file_magic_test_file=
lt_cv_ld_reload_flag=-r
lt_cv_nm_interface='BSD nm'
lt_cv_objdir=.libs
lt_cv_path_LD=C:/msys64/mingw32/i686-w64-mingw32/bin/ld.exe
lt_cv_path_NM='/mingw32/bin/nm -B'
lt_cv_path_mainfest_tool=no
lt_cv_prog_compiler_c_o=yes
lt_cv_prog_compiler_pic='-DDLL_EXPORT -DPIC'
lt_cv_prog_compiler_pic_works=yes
lt_cv_prog_compiler_rtti_exceptions=no
lt_cv_prog_compiler_static_works=yes
lt_cv_prog_gnu_ld=yes
lt_cv_sharedlib_from_linklib_cmd=func_cygming_dll_for_implib
lt_cv_sys_global_symbol_pipe='sed -n -e '\''s/^.*[	 ]\([ABCDGIRSTW][ABCDGIRSTW]*\)[	 ][	 ]*_\([_A-Za-z][_A-Za-z0-9]*\)\{0,1\}$/\1 _\2 \2/p'\'' | sed '\''/ __gnu_lto/d'\'''
lt_cv_sys_global_symbol_to_c_name_address='sed -n -e '\''s/^: \(.*\) .*$/  {"\1", (void *) 0},/p'\'' -e '\''s/^[ABCDGIRSTW][ABCDGIRSTW]* .* \(.*\)$/  {"\1", (void *) \&\1},/p'\'''
lt_cv_sys_global_symbol_to_c_name_address_lib_prefix='sed -n -e '\''s/^: \(.*\) .*$/  {"\1", (void *) 0},/p'\'' -e '\''s/^[ABCDGIRSTW][ABCDGIRSTW]* .* \(lib.*\)$/  {"\1", (void *) \&\1},/p'\'' -e '\''s/^[ABCDGIRSTW][ABCDGIRSTW]* .* \(.*\)$/  {"lib\1", (void *) \&\1},/p'\'''
lt_cv_sys_global_symbol_to_cdecl='sed -n -e '\''s/^T .* \(.*\)$/extern int \1();/p'\'' -e '\''s/^[ABCDGIRSTW][ABCDGIRSTW]* .* \(.*\)$/extern char \1;/p'\'''
lt_cv_sys_global_symbol_to_import=
lt_cv_sys_max_cmd_len=8192
lt_cv_to_host_file_cmd=func_convert_file_msys_to_w32
lt_cv_to_tool_file_cmd=func_convert_file_msys_to_w32
lt_cv_truncate_bin='/usr/bin/dd bs=4096 count=1'
pkg_cv_HIDAPI_CFLAGS='-IC:/msys64/mingw32/include/hidapi '
pkg_cv_HIDAPI_LIBS='-LC:/msys64/mingw32/lib -lhidapi '
pkg_cv_LIBUSB0_CFLAGS='-IC:/msys64/mingw32/include/libusb-compat -IC:/msys64/mingw32/include/libusb-1.0 '
pkg_cv_LIBUSB0_LIBS='-LC:/msys64/mingw32/lib -lusb '
pkg_cv_LIBUSB1_CFLAGS='-IC:/msys64/mingw32/include/libusb-1.0 '
pkg_cv_LIBUSB1_LIBS='-LC:/msys64/mingw32/lib -lusb-1.0 '

## ----------------- ##
## Output variables. ##
## ----------------- ##

ACLOCAL='${SHELL} /home/CCLI0/OpenNuvoton/OpenNuvoton_OpenOCD/missing aclocal-1.16'
AICE_FALSE='#'
AICE_TRUE=''
AMDEPBACKSLASH='\'
AMDEP_FALSE='#'
AMDEP_TRUE=''
AMTAR='$${TAR-tar}'
AMTJTAGACCEL_FALSE=''
AMTJTAGACCEL_TRUE='#'
AM_BACKSLASH='\'
AM_DEFAULT_V='$(AM_DEFAULT_VERBOSITY)'
AM_DEFAULT_VERBOSITY='1'
AM_V='$(V)'
AR='ar'
ARMJTAGEW_FALSE='#'
ARMJTAGEW_TRUE=''
AT91RM9200_FALSE=''
AT91RM9200_TRUE='#'
AUTOCONF='${SHELL} /home/CCLI0/OpenNuvoton/OpenNuvoton_OpenOCD/missing autoconf'
AUTOHEADER='${SHELL} /home/CCLI0/OpenNuvoton/OpenNuvoton_OpenOCD/missing autoheader'
AUTOMAKE='${SHELL} /home/CCLI0/OpenNuvoton/OpenNuvoton_OpenOCD/missing automake-1.16'
AWK='gawk'
BCM2835GPIO_FALSE=''
BCM2835GPIO_TRUE='#'
BITBANG_FALSE=''
BITBANG_TRUE='#'
BITQ_FALSE=''
BITQ_TRUE='#'
BUSPIRATE_FALSE=''
BUSPIRATE_TRUE='#'
CC='gcc'
CCDEPMODE='depmode=gcc3'
CFLAGS='-g -O2 -D__USE_MINGW_ANSI_STDIO -Wall -Wstrict-prototypes -Wformat-security -Wshadow -Wextra -Wno-unused-parameter -Wbad-function-cast -Wcast-align -Wredundant-decls'
CMSIS_DAP_FALSE='#'
CMSIS_DAP_TRUE=''
CPP='gcc -E'
CPPFLAGS=''
CYGPATH_W='cygpath -w'
DEFS='-DHAVE_CONFIG_H'
DEPDIR='.deps'
DLLTOOL='dlltool'
DSYMUTIL=''
DUMMY_FALSE=''
DUMMY_TRUE='#'
DUMPBIN=''
ECHO_C=''
ECHO_N='-n'
ECHO_T=''
EGREP='/usr/bin/grep -E'
EP93XX_FALSE=''
EP93XX_TRUE='#'
EXEEXT='.exe'
FGREP='/usr/bin/grep -F'
FT2232_DRIVER_FALSE=''
FT2232_DRIVER_TRUE='#'
FT2232_LIBFTDI_FALSE=''
FT2232_LIBFTDI_TRUE='#'
FTDI_FALSE='#'
FTDI_TRUE=''
GIVEIO_FALSE='#'
GIVEIO_TRUE=''
GREP='/usr/bin/grep'
GW16012_FALSE=''
GW16012_TRUE='#'
HIDAPI_CFLAGS='-IC:/msys64/mingw32/include/hidapi '
HIDAPI_LIBS='-LC:/msys64/mingw32/lib -lhidapi '
HLADAPTER_FALSE='#'
HLADAPTER_ICDI_FALSE='#'
HLADAPTER_ICDI_TRUE=''
HLADAPTER_NULINK_FALSE='#'
HLADAPTER_NULINK_TRUE=''
HLADAPTER_STLINK_FALSE='#'
HLADAPTER_STLINK_TRUE=''
HLADAPTER_TRUE=''
INSTALL_DATA='${INSTALL} -m 644'
INSTALL_PROGRAM='${INSTALL}'
INSTALL_SCRIPT='${INSTALL}'
INSTALL_STRIP_PROGRAM='$(install_sh) -c -s'
INTERNAL_JIMTCL_FALSE='#'
INTERNAL_JIMTCL_TRUE=''
INTERNAL_LIBJAYLINK_FALSE='#'
INTERNAL_LIBJAYLINK_TRUE=''
IOUTIL_FALSE=''
IOUTIL_TRUE='#'
IS_CYGWIN_FALSE=''
IS_CYGWIN_TRUE='#'
IS_DARWIN_FALSE=''
IS_DARWIN_TRUE='#'
IS_MINGW_FALSE='#'
IS_MINGW_TRUE=''
IS_WIN32_FALSE='#'
IS_WIN32_TRUE=''
JLINK_FALSE='#'
JLINK_TRUE=''
JTAG_VPI_FALSE=''
JTAG_VPI_TRUE='#'
LD='C:/msys64/mingw32/i686-w64-mingw32/bin/ld.exe'
LDFLAGS=''
LIBFTDI_CFLAGS=''
LIBFTDI_LIBS=''
LIBOBJS=''
LIBS=''
LIBTOOL='$(SHELL) $(top_builddir)/libtool'
LIBTOOL_DEPS='./ltmain.sh'
LIBUSB0_CFLAGS='-IC:/msys64/mingw32/include/libusb-compat -IC:/msys64/mingw32/include/libusb-1.0 '
LIBUSB0_LIBS='-LC:/msys64/mingw32/lib -lusb '
LIBUSB1_CFLAGS='-isystem C:/msys64/mingw32/include/libusb-1.0'
LIBUSB1_LIBS='-LC:/msys64/mingw32/lib -lusb-1.0 '
LIPO=''
LN_S='cp -pR'
LTLIBOBJS=''
LT_SYS_LIBRARY_PATH=''
MAKEINFO='makeinfo'
MANIFEST_TOOL=':'
MINIDRIVER_DUMMY_FALSE=''
MINIDRIVER_DUMMY_TRUE='#'
MINIDRIVER_FALSE=''
MINIDRIVER_TRUE='#'
MKDIR_P='/usr/bin/mkdir -p'
NM='/mingw32/bin/nm -B'
NMEDIT=''
OBJDUMP='objdump'
OBJEXT='o'
OOCD_TRACE_FALSE=''
OOCD_TRACE_TRUE='#'
OPENDOUS_FALSE='#'
OPENDOUS_TRUE=''
OPENJTAG_FALSE=''
OPENJTAG_TRUE='#'
OSBDM_FALSE='#'
OSBDM_TRUE=''
OTOOL64=''
OTOOL=''
PACKAGE='openocd'
PACKAGE_BUGREPORT='OpenOCD Mailing List <openocd-devel@lists.sourceforge.net>'
PACKAGE_NAME='openocd'
PACKAGE_STRING='openocd 0.10.0-dev'
PACKAGE_TARNAME='openocd'
PACKAGE_URL=''
PACKAGE_VERSION='0.10.0-dev'
PARPORT_FALSE=''
PARPORT_TRUE='#'
PATH_SEPARATOR=':'
PKG_CONFIG='/mingw32/bin/pkg-config'
PKG_CONFIG_LIBDIR=''
PKG_CONFIG_PATH='/mingw32/lib/pkgconfig:/mingw32/share/pkgconfig'
PRESTO_DRIVER_FALSE=''
PRESTO_DRIVER_TRUE='#'
PRESTO_LIBFTDI_FALSE=''
PRESTO_LIBFTDI_TRUE='#'
RANLIB='ranlib'
RELEASE_FALSE=''
RELEASE_TRUE='#'
REMOTE_BITBANG_FALSE=''
REMOTE_BITBANG_TRUE='#'
RLINK_FALSE='#'
RLINK_TRUE=''
SED='/usr/bin/sed'
SET_MAKE=''
SHELL='/bin/sh'
STRIP='strip'
SYSFSGPIO_FALSE=''
SYSFSGPIO_TRUE='#'
ULINK_FALSE='#'
ULINK_TRUE=''
USBPROG_FALSE='#'
USBPROG_TRUE=''
USB_BLASTER_2_FALSE='#'
USB_BLASTER_2_TRUE=''
USB_BLASTER_DRIVER_FALSE='#'
USB_BLASTER_DRIVER_TRUE=''
USB_BLASTER_FTD2XX_FALSE=''
USB_BLASTER_FTD2XX_TRUE='#'
USB_BLASTER_LIBFTDI_FALSE=''
USB_BLASTER_LIBFTDI_TRUE='#'
USE_LIBUSB0_FALSE='#'
USE_LIBUSB0_TRUE=''
USE_LIBUSB1_FALSE='#'
USE_LIBUSB1_TRUE=''
VERSION='0.10.0-dev'
VSLLINK_FALSE='#'
VSLLINK_TRUE=''
ZY1000_FALSE=''
ZY1000_MASTER_FALSE=''
ZY1000_MASTER_TRUE='#'
ZY1000_TRUE='#'
ac_ct_AR='ar'
ac_ct_CC='gcc'
ac_ct_DUMPBIN=''
am__EXEEXT_FALSE='#'
am__EXEEXT_TRUE=''
am__fastdepCC_FALSE='#'
am__fastdepCC_TRUE=''
am__include='include'
am__isrc=''
am__leading_dot='.'
am__nodep='_no'
am__quote=''
am__tar='$${TAR-tar} chof - "$$tardir"'
am__untar='$${TAR-tar} xf -'
bindir='${exec_prefix}/bin'
build='i686-w64-mingw32'
build_alias='i686-w64-mingw32'
build_cpu='i686'
build_os='mingw32'
build_vendor='w64'
datadir='${datarootdir}'
datarootdir='${prefix}/share'
docdir='${datarootdir}/doc/${PACKAGE_TARNAME}'
doxygen_as_html='yes'
doxygen_as_pdf='no'
dvidir='${docdir}'
exec_prefix='${prefix}'
host='i686-w64-mingw32'
host_alias=''
host_cpu='i686'
host_os='mingw32'
host_vendor='w64'
htmldir='${docdir}'
includedir='${prefix}/include'
infodir='${datarootdir}/info'
install_sh='${SHELL} /home/CCLI0/OpenNuvoton/OpenNuvoton_OpenOCD/install-sh'
libdir='${exec_prefix}/lib'
libexecdir='${exec_prefix}/libexec'
libjaylink_CFLAGS=''
libjaylink_LIBS=''
localedir='${datarootdir}/locale'
localstatedir='${prefix}/var'
mandir='${datarootdir}/man'
mkdir_p='$(MKDIR_P)'
oldincludedir='/usr/include'
pdfdir='${docdir}'
prefix='/mingw32'
program_transform_name='s,x,x,'
psdir='${docdir}'
sbindir='${exec_prefix}/sbin'
sharedstatedir='${prefix}/com'
subdirs=' jimtcl src/jtag/drivers/libjaylink'
sysconfdir='${prefix}/etc'
target_alias=''

## ----------- ##
## confdefs.h. ##
## ----------- ##

/* confdefs.h */
#define PACKAGE_NAME "openocd"
#define PACKAGE_TARNAME "openocd"
#define PACKAGE_VERSION "0.10.0-dev"
#define PACKAGE_STRING "openocd 0.10.0-dev"
#define PACKAGE_BUGREPORT "OpenOCD Mailing List <openocd-devel@lists.sourceforge.net>"
#define PACKAGE_URL ""
#define PACKAGE "openocd"
#define VERSION "0.10.0-dev"
#define STDC_HEADERS 1
#define HAVE_SYS_TYPES_H 1
#define HAVE_SYS_STAT_H 1
#define HAVE_STDLIB_H 1
#define HAVE_STRING_H 1
#define HAVE_MEMORY_H 1
#define HAVE_STRINGS_H 1
#define HAVE_INTTYPES_H 1
#define HAVE_STDINT_H 1
#define HAVE_UNISTD_H 1
#define LT_OBJDIR ".libs/"
#define HAVE_UNSIGNED_LONG_LONG_INT 1
#define HAVE_LONG_LONG_INT 1
#define HAVE_DIRENT_H 1
#define HAVE_FCNTL_H 1
#define HAVE_MALLOC_H 1
#define HAVE_PTHREAD_H 1
#define HAVE_STRINGS_H 1
#define HAVE_SYS_PARAM_H 1
#define HAVE_SYS_STAT_H 1
#define HAVE_SYS_TIME_H 1
#define HAVE_SYS_TYPES_H 1
#define HAVE_UNISTD_H 1
#define HAVE__BOOL 1
#define HAVE_STDBOOL_H 1
#define TIME_WITH_SYS_TIME 1
#define HAVE_STRNLEN 1
#define HAVE_GETTIMEOFDAY 1
#define HAVE_USLEEP 1
#define HAVE_VASPRINTF 1
#define IS_MINGW 1
#define IS_WIN32 1
#define IS_DARWIN 0
#define WIN32_LEAN_AND_MEAN 1
#define NUVOTON_CUSTOMIZED 0
#define BUILD_PARPORT 0
#define BUILD_DUMMY 0
#define BUILD_EP93XX 0
#define BUILD_ZY1000 0
#define BUILD_ZY1000_MASTER 0
#define BUILD_AT91RM9200 0
#define BUILD_BCM2835GPIO 0
#define PARPORT_USE_PPDEV 0
#define PARPORT_USE_GIVEIO 1
#define BUILD_BITBANG 0
#define BUILD_FT2232_LIBFTDI 0
#define BUILD_FT2232_FTD2XX 0
#define BUILD_USB_BLASTER_LIBFTDI 0
#define BUILD_JTAG_VPI 0
#define BUILD_USB_BLASTER_FTD2XX 0
#define BUILD_AMTJTAGACCEL 0
#define BUILD_GW16012 0
#define BUILD_PRESTO_LIBFTDI 0
#define BUILD_PRESTO_FTD2XX 0
#define BUILD_BITQ 0
#define BUILD_OPENJTAG 0
#define BUILD_OPENJTAG_FTD2XX 0
#define BUILD_OPENJTAG_LIBFTDI 0
#define BUILD_OOCD_TRACE 0
#define BUILD_BUSPIRATE 0
#define BUILD_REMOTE_BITBANG 0
#define BUILD_SYSFSGPIO 0
#define HAVE_LIBUSB1 1
#define HAVE_LIBUSB_ERROR_NAME 1
#define HAVE_LIBUSB_GET_PORT_NUMBERS 1
#define BUILD_FTDI 1
#define BUILD_JLINK 1
#define BUILD_HLADAPTER_STLINK 1
#define BUILD_HLADAPTER_ICDI 1
#define BUILD_HLADAPTER_NULINK 1
#define BUILD_ULINK 1
#define BUILD_USB_BLASTER_2 1
#define BUILD_VSLLINK 1
#define BUILD_OSBDM 1
#define BUILD_OPENDOUS 1
#define BUILD_AICE 1
#define BUILD_USBPROG 1
#define BUILD_RLINK 1
#define BUILD_ARMJTAGEW 1
#define BUILD_CMSIS_DAP 1
#define BUILD_HLADAPTER 1
#define _GNU_SOURCE 1

configure: exit 0

## ---------------------- ##
## Running config.status. ##
## ---------------------- ##

This file was extended by openocd config.status 0.10.0-dev, which was
generated by GNU Autoconf 2.69.  Invocation command line was

  CONFIG_FILES    = 
  CONFIG_HEADERS  = 
  CONFIG_LINKS    = 
  CONFIG_COMMANDS = 
  $ ./config.status src/target/Makefile depfiles

on OANBE02627

config.status:1310: creating src/target/Makefile
config.status:1539: executing depfiles commands
config.status:1616: cd src/target       && sed -e '/# am--include-marker/d' Makefile         | make -f - am--depfiles
make[3]: Entering directory '/home/CCLI0/OpenNuvoton/OpenNuvoton_OpenOCD_8051OT/src/target'
make[3]: Leaving directory '/home/CCLI0/OpenNuvoton/OpenNuvoton_OpenOCD_8051OT/src/target'
config.status:1621: $? = 0
