This file contains any messages produced by compilers while
running configure, to aid debugging if configure makes a mistake.

It was created by libjaylink configure 0.1.0, which was
generated by GNU Autoconf 2.69.  Invocation command line was

  $ /home/CCLI0/OpenNuvoton/OpenNuvoton_OpenOCD/src/jtag/drivers/libjaylink/configure --enable-subproject-build --disable-option-checking --prefix=/mingw32 --disable-werror PKG_CONFIG_PATH=/mingw32/lib/pkgconfig:/mingw32/share/pkgconfig --cache-file=/dev/null --srcdir=.

## --------- ##
## Platform. ##
## --------- ##

hostname = OANBE02627
uname -m = x86_64
uname -r = 3.2.0-340.x86_64
uname -s = MINGW32_NT-10.0-17763
uname -v = 2021-08-02 16:30 UTC

/usr/bin/uname -p = unknown
/bin/uname -X     = unknown

/bin/arch              = x86_64
/usr/bin/arch -k       = unknown
/usr/convex/getsysinfo = unknown
/usr/bin/hostinfo      = unknown
/bin/machine           = unknown
/usr/bin/oslevel       = unknown
/bin/universe          = unknown

PATH: /mingw32/bin
PATH: /usr/local/bin
PATH: /usr/bin
PATH: /bin
PATH: /c/Windows/System32
PATH: /c/Windows
PATH: /c/Windows/System32/Wbem
PATH: /c/Windows/System32/WindowsPowerShell/v1.0/
PATH: /usr/bin/site_perl
PATH: /usr/bin/vendor_perl
PATH: /usr/bin/core_perl


## ----------- ##
## Core tests. ##
## ----------- ##

configure:2058: loading site script /etc/config.site
| # This file is in public domain.
| # Original author: Karlson2k (Evgeny Grin)
| # Written for MSys2 to help running 'configure' scripts
| 
| # Defaults for MSys2/MinGW64-targeted programs
| 
| # Set proper selfname on bash and fallback to default name on other shells
| test -n "${BASH_SOURCE}" 2>/dev/null && config_site_me="${BASH_SOURCE[0]##*/}" || config_site_me=config.site
| 
| # Set default 'host' to speedup configure
| if test -z "$build_alias"; then
|   build_alias="${MSYSTEM_CHOST}"  && \
|     ${as_echo-echo} "$config_site_me:${as_lineno-$LINENO}: default build_alias set to $build_alias" >&5
| fi
| 
| # Set default 'prefix'
| if ( test -z "$prefix" || test "x$prefix" = "xNONE" ) && \
|     ( test -z "$exec_prefix" || test "x$exec_prefix" = "xNONE" ); then
|   prefix="${MSYSTEM_PREFIX}" && \
|     ${as_echo-echo} "$config_site_me:${as_lineno-$LINENO}: default prefix set to $prefix" >&5
| fi
config.site:13: default build_alias set to i686-w64-mingw32
configure:2191: checking build system type
configure:2205: result: i686-w64-mingw32
configure:2225: checking host system type
configure:2238: result: i686-w64-mingw32
configure:2275: checking for a BSD-compatible install
configure:2343: result: /usr/bin/install -c
configure:2354: checking whether build environment is sane
configure:2409: result: yes
configure:2560: checking for a thread-safe mkdir -p
configure:2599: result: /usr/bin/mkdir -p
configure:2606: checking for gawk
configure:2622: found /usr/bin/gawk
configure:2633: result: gawk
configure:2644: checking whether make sets $(MAKE)
configure:2666: result: yes
configure:2695: checking whether make supports nested variables
configure:2712: result: yes
configure:2892: checking for gcc
configure:2908: found /mingw32/bin/gcc
configure:2919: result: gcc
configure:3148: checking for C compiler version
configure:3157: gcc --version >&5
gcc.exe (Rev6, Built by MSYS2 project) 10.2.0
Copyright (C) 2020 Free Software Foundation, Inc.
This is free software; see the source for copying conditions.  There is NO
warranty; not even for MERCHANTABILITY or FITNESS FOR A PARTICULAR PURPOSE.

configure:3168: $? = 0
configure:3157: gcc -v >&5
Using built-in specs.
COLLECT_GCC=C:\msys64\mingw32\bin\gcc.exe
COLLECT_LTO_WRAPPER=C:/msys64/mingw32/bin/../lib/gcc/i686-w64-mingw32/10.2.0/lto-wrapper.exe
Target: i686-w64-mingw32
Configured with: ../gcc-10.2.0/configure --prefix=/mingw32 --with-local-prefix=/mingw32/local --build=i686-w64-mingw32 --host=i686-w64-mingw32 --target=i686-w64-mingw32 --with-native-system-header-dir=/mingw32/i686-w64-mingw32/include --libexecdir=/mingw32/lib --enable-bootstrap --with-arch=i686 --with-tune=generic --enable-languages=c,lto,c++,fortran,ada,objc,obj-c++,jit --enable-shared --enable-static --enable-libatomic --enable-threads=posix --enable-graphite --enable-fully-dynamic-string --enable-libstdcxx-filesystem-ts=yes --enable-libstdcxx-time=yes --disable-libstdcxx-pch --disable-libstdcxx-debug --disable-isl-version-check --enable-lto --enable-libgomp --disable-multilib --enable-checking=release --disable-rpath --disable-win32-registry --disable-nls --disable-werror --disable-symvers --disable-plugin --with-libiconv --with-system-zlib --with-gmp=/mingw32 --with-mpfr=/mingw32 --with-mpc=/mingw32 --with-isl=/mingw32 --with-pkgversion='Rev6, Built by MSYS2 project' --with-bugurl=https://github.com/msys2/MINGW-packages/issues --with-gnu-as --with-gnu-ld --with-boot-ldflags='-pipe -Wl,--dynamicbase,--nxcompat,--no-seh -Wl,--large-address-aware -Wl,--disable-dynamicbase -static-libstdc++ -static-libgcc' 'LDFLAGS_FOR_TARGET=-pipe -Wl,--dynamicbase,--nxcompat,--no-seh -Wl,--large-address-aware' --enable-linker-plugin-flags='LDFLAGS=-static-libstdc++\ -static-libgcc\ -pipe\ -Wl,--dynamicbase,--nxcompat,--no-seh\ -Wl,--large-address-aware\ -Wl,--stack,12582912' --disable-sjlj-exceptions --with-dwarf2
Thread model: posix
Supported LTO compression algorithms: zlib zstd
gcc version 10.2.0 (Rev6, Built by MSYS2 project) 
configure:3168: $? = 0
configure:3157: gcc -V >&5
gcc.exe: error: unrecognized command-line option '-V'
gcc.exe: fatal error: no input files
compilation terminated.
configure:3168: $? = 1
configure:3157: gcc -qversion >&5
gcc.exe: error: unrecognized command-line option '-qversion'; did you mean '--version'?
gcc.exe: fatal error: no input files
compilation terminated.
configure:3168: $? = 1
configure:3188: checking whether the C compiler works
configure:3210: gcc  -Wall -Wextra -Werror -fvisibility=hidden   conftest.c  >&5
configure:3214: $? = 0
configure:3262: result: yes
configure:3265: checking for C compiler default output file name
configure:3267: result: a.exe
configure:3273: checking for suffix of executables
configure:3280: gcc -o conftest.exe  -Wall -Wextra -Werror -fvisibility=hidden   conftest.c  >&5
configure:3284: $? = 0
configure:3306: result: .exe
configure:3328: checking whether we are cross compiling
configure:3336: gcc -o conftest.exe  -Wall -Wextra -Werror -fvisibility=hidden   conftest.c  >&5
configure:3340: $? = 0
configure:3347: ./conftest.exe
configure:3351: $? = 0
configure:3366: result: no
configure:3371: checking for suffix of object files
configure:3393: gcc -c  -Wall -Wextra -Werror -fvisibility=hidden  conftest.c >&5
configure:3397: $? = 0
configure:3418: result: o
configure:3422: checking whether we are using the GNU C compiler
configure:3441: gcc -c  -Wall -Wextra -Werror -fvisibility=hidden  conftest.c >&5
configure:3441: $? = 0
configure:3450: result: yes
configure:3459: checking whether gcc accepts -g
configure:3479: gcc -c -g  conftest.c >&5
configure:3479: $? = 0
configure:3520: result: yes
configure:3537: checking for gcc option to accept ISO C89
configure:3600: gcc  -c  -Wall -Wextra -Werror -fvisibility=hidden  conftest.c >&5
configure:3600: $? = 0
configure:3613: result: none needed
configure:3638: checking whether gcc understands -c and -o together
configure:3660: gcc -c conftest.c -o conftest2.o
configure:3663: $? = 0
configure:3660: gcc -c conftest.c -o conftest2.o
configure:3663: $? = 0
configure:3675: result: yes
configure:3695: checking whether make supports the include directive
configure:3710: make -f confmf.GNU && cat confinc.out
this is the am__doit target
configure:3713: $? = 0
configure:3732: result: yes (GNU style)
configure:3757: checking dependency style of gcc
configure:3868: result: gcc3
configure:3937: checking for ar
configure:3953: found /mingw32/bin/ar
configure:3964: result: ar
configure:3990: checking the archiver (ar) interface
configure:4006: gcc -c  -Wall -Wextra -Werror -fvisibility=hidden  conftest.c >&5
configure:4006: $? = 0
configure:4008: ar cru libconftest.a conftest.o >&5
configure:4011: $? = 0
configure:4039: result: ar
configure:4107: checking how to print strings
configure:4134: result: printf
configure:4155: checking for a sed that does not truncate output
configure:4219: result: /usr/bin/sed
configure:4237: checking for grep that handles long lines and -e
configure:4295: result: /usr/bin/grep
configure:4300: checking for egrep
configure:4362: result: /usr/bin/grep -E
configure:4367: checking for fgrep
configure:4429: result: /usr/bin/grep -F
configure:4464: checking for ld used by gcc
configure:4531: result: C:/msys64/mingw32/i686-w64-mingw32/bin/ld.exe
configure:4538: checking if the linker (C:/msys64/mingw32/i686-w64-mingw32/bin/ld.exe) is GNU ld
configure:4553: result: yes
configure:4565: checking for BSD- or MS-compatible name lister (nm)
configure:4619: result: /mingw32/bin/nm -B
configure:4749: checking the name lister (/mingw32/bin/nm -B) interface
configure:4756: gcc -c  -Wall -Wextra -Werror -fvisibility=hidden  conftest.c >&5
configure:4759: /mingw32/bin/nm -B "conftest.o"
configure:4762: output
00000000 b .bss
00000000 d .data
00000000 r .rdata$zzz
00000000 t .text
00000000 B _some_variable
configure:4769: result: BSD nm
configure:4772: checking whether ln -s works
configure:4779: result: no, using cp -pR
configure:4784: checking the maximum length of command line arguments
configure:4915: result: 8192
configure:4963: checking how to convert i686-w64-mingw32 file names to i686-w64-mingw32 format
configure:5003: result: func_convert_file_msys_to_w32
configure:5010: checking how to convert i686-w64-mingw32 file names to toolchain format
configure:5030: result: func_convert_file_msys_to_w32
configure:5037: checking for C:/msys64/mingw32/i686-w64-mingw32/bin/ld.exe option to reload object files
configure:5044: result: -r
configure:5118: checking for objdump
configure:5134: found /mingw32/bin/objdump
configure:5145: result: objdump
configure:5177: checking how to recognize dependent libraries
configure:5377: result: file_magic ^x86 archive import|^x86 DLL
configure:5462: checking for dlltool
configure:5478: found /mingw32/bin/dlltool
configure:5489: result: dlltool
configure:5522: checking how to associate runtime and link libraries
configure:5549: result: func_cygming_dll_for_implib
configure:5673: checking for archiver @FILE support
configure:5690: gcc -c  -Wall -Wextra -Werror -fvisibility=hidden  conftest.c >&5
configure:5690: $? = 0
configure:5693: ar cru libconftest.a @conftest.lst >&5
configure:5696: $? = 0
configure:5701: ar cru libconftest.a @conftest.lst >&5
C:\msys64\mingw32\bin\ar.exe: conftest.o: No such file or directory
configure:5704: $? = 1
configure:5716: result: @
configure:5774: checking for strip
configure:5790: found /mingw32/bin/strip
configure:5801: result: strip
configure:5873: checking for ranlib
configure:5889: found /mingw32/bin/ranlib
configure:5900: result: ranlib
configure:6002: checking command to parse /mingw32/bin/nm -B output from gcc object
configure:6155: gcc -c  -Wall -Wextra -Werror -fvisibility=hidden  conftest.c >&5
configure:6158: $? = 0
configure:6162: /mingw32/bin/nm -B conftest.o \| sed -n -e 's/^.*[ ]\([ABCDGIRSTW][ABCDGIRSTW]*\)[ ][ ]*\([_A-Za-z][_A-Za-z0-9]*\)\{0,1\}$/\1 \2 \2/p' | sed '/ __gnu_lto/d' \> conftest.nm
configure:6165: $? = 0
cannot find nm_test_var in conftest.nm
configure:6155: gcc -c  -Wall -Wextra -Werror -fvisibility=hidden  conftest.c >&5
configure:6158: $? = 0
configure:6162: /mingw32/bin/nm -B conftest.o \| sed -n -e 's/^.*[ ]\([ABCDGIRSTW][ABCDGIRSTW]*\)[ ][ ]*_\([_A-Za-z][_A-Za-z0-9]*\)\{0,1\}$/\1 _\2 \2/p' | sed '/ __gnu_lto/d' \> conftest.nm
configure:6165: $? = 0
configure:6231: gcc -o conftest.exe  -Wall -Wextra -Werror -fvisibility=hidden   conftest.c conftstm.o >&5
configure:6234: $? = 0
configure:6272: result: ok
configure:6319: checking for sysroot
configure:6349: result: no
configure:6356: checking for a working dd
configure:6394: result: /usr/bin/dd
configure:6398: checking how to truncate binary pipes
configure:6413: result: /usr/bin/dd bs=4096 count=1
configure:6742: checking for mt
configure:6772: result: no
configure:6792: checking if : is a manifest tool
configure:6798: : '-?'
configure:6806: result: no
configure:7483: checking how to run the C preprocessor
configure:7514: gcc -E  conftest.c
configure:7514: $? = 0
configure:7528: gcc -E  conftest.c
conftest.c:11:10: fatal error: ac_nonexistent.h: No such file or directory
   11 | #include <ac_nonexistent.h>
      |          ^~~~~~~~~~~~~~~~~~
compilation terminated.
configure:7528: $? = 1
configure: failed program was:
| /* confdefs.h */
| #define PACKAGE_NAME "libjaylink"
| #define PACKAGE_TARNAME "libjaylink"
| #define PACKAGE_VERSION "0.1.0"
| #define PACKAGE_STRING "libjaylink 0.1.0"
| #define PACKAGE_BUGREPORT "BUG-REPORT-ADDRESS"
| #define PACKAGE_URL ""
| #define PACKAGE "libjaylink"
| #define VERSION "0.1.0"
| /* end confdefs.h.  */
| #include <ac_nonexistent.h>
configure:7553: result: gcc -E
configure:7573: gcc -E  conftest.c
configure:7573: $? = 0
configure:7587: gcc -E  conftest.c
conftest.c:11:10: fatal error: ac_nonexistent.h: No such file or directory
   11 | #include <ac_nonexistent.h>
      |          ^~~~~~~~~~~~~~~~~~
compilation terminated.
configure:7587: $? = 1
configure: failed program was:
| /* confdefs.h */
| #define PACKAGE_NAME "libjaylink"
| #define PACKAGE_TARNAME "libjaylink"
| #define PACKAGE_VERSION "0.1.0"
| #define PACKAGE_STRING "libjaylink 0.1.0"
| #define PACKAGE_BUGREPORT "BUG-REPORT-ADDRESS"
| #define PACKAGE_URL ""
| #define PACKAGE "libjaylink"
| #define VERSION "0.1.0"
| /* end confdefs.h.  */
| #include <ac_nonexistent.h>
configure:7616: checking for ANSI C header files
configure:7636: gcc -c  -Wall -Wextra -Werror -fvisibility=hidden  conftest.c >&5
configure:7636: $? = 0
configure:7709: gcc -o conftest.exe  -Wall -Wextra -Werror -fvisibility=hidden   conftest.c  >&5
configure:7709: $? = 0
configure:7709: ./conftest.exe
configure:7709: $? = 0
configure:7720: result: yes
configure:7733: checking for sys/types.h
configure:7733: gcc -c  -Wall -Wextra -Werror -fvisibility=hidden  conftest.c >&5
configure:7733: $? = 0
configure:7733: result: yes
configure:7733: checking for sys/stat.h
configure:7733: gcc -c  -Wall -Wextra -Werror -fvisibility=hidden  conftest.c >&5
configure:7733: $? = 0
configure:7733: result: yes
configure:7733: checking for stdlib.h
configure:7733: gcc -c  -Wall -Wextra -Werror -fvisibility=hidden  conftest.c >&5
configure:7733: $? = 0
configure:7733: result: yes
configure:7733: checking for string.h
configure:7733: gcc -c  -Wall -Wextra -Werror -fvisibility=hidden  conftest.c >&5
configure:7733: $? = 0
configure:7733: result: yes
configure:7733: checking for memory.h
configure:7733: gcc -c  -Wall -Wextra -Werror -fvisibility=hidden  conftest.c >&5
configure:7733: $? = 0
configure:7733: result: yes
configure:7733: checking for strings.h
configure:7733: gcc -c  -Wall -Wextra -Werror -fvisibility=hidden  conftest.c >&5
configure:7733: $? = 0
configure:7733: result: yes
configure:7733: checking for inttypes.h
configure:7733: gcc -c  -Wall -Wextra -Werror -fvisibility=hidden  conftest.c >&5
configure:7733: $? = 0
configure:7733: result: yes
configure:7733: checking for stdint.h
configure:7733: gcc -c  -Wall -Wextra -Werror -fvisibility=hidden  conftest.c >&5
configure:7733: $? = 0
configure:7733: result: yes
configure:7733: checking for unistd.h
configure:7733: gcc -c  -Wall -Wextra -Werror -fvisibility=hidden  conftest.c >&5
configure:7733: $? = 0
configure:7733: result: yes
configure:7747: checking for dlfcn.h
configure:7747: gcc -c  -Wall -Wextra -Werror -fvisibility=hidden  conftest.c >&5
conftest.c:55:10: fatal error: dlfcn.h: No such file or directory
   55 | #include <dlfcn.h>
      |          ^~~~~~~~~
compilation terminated.
configure:7747: $? = 1
configure: failed program was:
| /* confdefs.h */
| #define PACKAGE_NAME "libjaylink"
| #define PACKAGE_TARNAME "libjaylink"
| #define PACKAGE_VERSION "0.1.0"
| #define PACKAGE_STRING "libjaylink 0.1.0"
| #define PACKAGE_BUGREPORT "BUG-REPORT-ADDRESS"
| #define PACKAGE_URL ""
| #define PACKAGE "libjaylink"
| #define VERSION "0.1.0"
| #define STDC_HEADERS 1
| #define HAVE_SYS_TYPES_H 1
| #define HAVE_SYS_STAT_H 1
| #define HAVE_STDLIB_H 1
| #define HAVE_STRING_H 1
| #define HAVE_MEMORY_H 1
| #define HAVE_STRINGS_H 1
| #define HAVE_INTTYPES_H 1
| #define HAVE_STDINT_H 1
| #define HAVE_UNISTD_H 1
| /* end confdefs.h.  */
| #include <stdio.h>
| #ifdef HAVE_SYS_TYPES_H
| # include <sys/types.h>
| #endif
| #ifdef HAVE_SYS_STAT_H
| # include <sys/stat.h>
| #endif
| #ifdef STDC_HEADERS
| # include <stdlib.h>
| # include <stddef.h>
| #else
| # ifdef HAVE_STDLIB_H
| #  include <stdlib.h>
| # endif
| #endif
| #ifdef HAVE_STRING_H
| # if !defined STDC_HEADERS && defined HAVE_MEMORY_H
| #  include <memory.h>
| # endif
| # include <string.h>
| #endif
| #ifdef HAVE_STRINGS_H
| # include <strings.h>
| #endif
| #ifdef HAVE_INTTYPES_H
| # include <inttypes.h>
| #endif
| #ifdef HAVE_STDINT_H
| # include <stdint.h>
| #endif
| #ifdef HAVE_UNISTD_H
| # include <unistd.h>
| #endif
| 
| #include <dlfcn.h>
configure:7747: result: no
configure:8003: checking for objdir
configure:8018: result: .libs
configure:8282: checking if gcc supports -fno-rtti -fno-exceptions
configure:8300: gcc -c  -Wall -Wextra -Werror -fvisibility=hidden  -fno-rtti -fno-exceptions conftest.c >&5
cc1.exe: error: command-line option '-fno-rtti' is valid for C++/D/ObjC++ but not for C [-Werror]
cc1.exe: all warnings being treated as errors
configure:8304: $? = 1
configure:8317: result: no
configure:8675: checking for gcc option to produce PIC
configure:8682: result: -DDLL_EXPORT -DPIC
configure:8690: checking if gcc PIC flag -DDLL_EXPORT -DPIC works
configure:8708: gcc -c  -Wall -Wextra -Werror -fvisibility=hidden  -DDLL_EXPORT -DPIC -DPIC conftest.c >&5
configure:8712: $? = 0
configure:8725: result: yes
configure:8754: checking if gcc static flag -static works
configure:8782: result: yes
configure:8797: checking if gcc supports -c -o file.o
configure:8818: gcc -c  -Wall -Wextra -Werror -fvisibility=hidden  -o out/conftest2.o conftest.c >&5
configure:8822: $? = 0
configure:8844: result: yes
configure:8852: checking if gcc supports -c -o file.o
configure:8899: result: yes
configure:8932: checking whether the gcc linker (C:/msys64/mingw32/i686-w64-mingw32/bin/ld.exe) supports shared libraries
configure:10192: result: yes
configure:10229: checking whether -lc should be explicitly linked in
configure:10237: gcc -c  -Wall -Wextra -Werror -fvisibility=hidden  conftest.c >&5
configure:10240: $? = 0
configure:10255: gcc -shared conftest.o  -v -o ./conftest -Wl,--enable-auto-image-base -Xlinker --out-implib -Xlinker conftest 2\>\&1 \| /usr/bin/grep  -lc  \>/dev/null 2\>\&1
configure:10258: $? = 1
configure:10272: result: yes
configure:10432: checking dynamic linker characteristics
configure:11256: result: Win32 ld.exe
configure:11378: checking how to hardcode library paths into programs
configure:11403: result: immediate
configure:11951: checking whether stripping libraries is possible
configure:11956: result: yes
configure:11991: checking if libtool supports shared libraries
configure:11993: result: yes
configure:11996: checking whether to build shared libraries
configure:12021: result: yes
configure:12024: checking whether to build static libraries
configure:12028: result: yes
configure:12121: checking for pkg-config
configure:12139: found /mingw32/bin/pkg-config
configure:12151: result: /mingw32/bin/pkg-config
configure:12176: checking pkg-config is at least version 0.9.0
configure:12179: result: yes
configure:12193: checking for libusb
configure:12200: $PKG_CONFIG --exists --print-errors "libusb-1.0 >= 1.0.9"
configure:12203: $? = 0
configure:12217: $PKG_CONFIG --exists --print-errors "libusb-1.0 >= 1.0.9"
configure:12220: $? = 0
configure:12278: result: yes
configure:12286: checking whether byte ordering is bigendian
configure:12301: gcc -c  -Wall -Wextra -Werror -fvisibility=hidden -IC:/msys64/mingw32/include/libusb-1.0   conftest.c >&5
conftest.c:23:9: error: unknown type name 'not'
   23 |         not a universal capable compiler
      |         ^~~
conftest.c:23:15: error: expected '=', ',', ';', 'asm' or '__attribute__' before 'universal'
   23 |         not a universal capable compiler
      |               ^~~~~~~~~
conftest.c:23:15: error: unknown type name 'universal'
configure:12301: $? = 1
configure: failed program was:
| /* confdefs.h */
| #define PACKAGE_NAME "libjaylink"
| #define PACKAGE_TARNAME "libjaylink"
| #define PACKAGE_VERSION "0.1.0"
| #define PACKAGE_STRING "libjaylink 0.1.0"
| #define PACKAGE_BUGREPORT "BUG-REPORT-ADDRESS"
| #define PACKAGE_URL ""
| #define PACKAGE "libjaylink"
| #define VERSION "0.1.0"
| #define STDC_HEADERS 1
| #define HAVE_SYS_TYPES_H 1
| #define HAVE_SYS_STAT_H 1
| #define HAVE_STDLIB_H 1
| #define HAVE_STRING_H 1
| #define HAVE_MEMORY_H 1
| #define HAVE_STRINGS_H 1
| #define HAVE_INTTYPES_H 1
| #define HAVE_STDINT_H 1
| #define HAVE_UNISTD_H 1
| #define LT_OBJDIR ".libs/"
| /* end confdefs.h.  */
| #ifndef __APPLE_CC__
| 	       not a universal capable compiler
| 	     #endif
| 	     typedef int dummy;
| 
configure:12346: gcc -c  -Wall -Wextra -Werror -fvisibility=hidden -IC:/msys64/mingw32/include/libusb-1.0   conftest.c >&5
configure:12346: $? = 0
configure:12364: gcc -c  -Wall -Wextra -Werror -fvisibility=hidden -IC:/msys64/mingw32/include/libusb-1.0   conftest.c >&5
conftest.c: In function 'main':
conftest.c:29:4: error: unknown type name 'not'; did you mean 'ino_t'?
   29 |    not big endian
      |    ^~~
      |    ino_t
conftest.c:29:12: error: expected '=', ',', ';', 'asm' or '__attribute__' before 'endian'
   29 |    not big endian
      |            ^~~~~~
configure:12364: $? = 1
configure: failed program was:
| /* confdefs.h */
| #define PACKAGE_NAME "libjaylink"
| #define PACKAGE_TARNAME "libjaylink"
| #define PACKAGE_VERSION "0.1.0"
| #define PACKAGE_STRING "libjaylink 0.1.0"
| #define PACKAGE_BUGREPORT "BUG-REPORT-ADDRESS"
| #define PACKAGE_URL ""
| #define PACKAGE "libjaylink"
| #define VERSION "0.1.0"
| #define STDC_HEADERS 1
| #define HAVE_SYS_TYPES_H 1
| #define HAVE_SYS_STAT_H 1
| #define HAVE_STDLIB_H 1
| #define HAVE_STRING_H 1
| #define HAVE_MEMORY_H 1
| #define HAVE_STRINGS_H 1
| #define HAVE_INTTYPES_H 1
| #define HAVE_STDINT_H 1
| #define HAVE_UNISTD_H 1
| #define LT_OBJDIR ".libs/"
| /* end confdefs.h.  */
| #include <sys/types.h>
| 		#include <sys/param.h>
| 
| int
| main ()
| {
| #if BYTE_ORDER != BIG_ENDIAN
| 		 not big endian
| 		#endif
| 
|   ;
|   return 0;
| }
configure:12492: result: no
configure:12693: checking that generated files are newer than configure
configure:12699: result: done
configure:12727: creating ./config.status

## ---------------------- ##
## Running config.status. ##
## ---------------------- ##

This file was extended by libjaylink config.status 0.1.0, which was
generated by GNU Autoconf 2.69.  Invocation command line was

  CONFIG_FILES    = 
  CONFIG_HEADERS  = 
  CONFIG_LINKS    = 
  CONFIG_COMMANDS = 
  $ ./config.status 

on OANBE02627

config.status:1116: creating Makefile
config.status:1116: creating libjaylink/Makefile
config.status:1116: creating libjaylink/version.h
config.status:1116: creating libjaylink.pc
config.status:1116: creating config.h
config.status:1345: executing depfiles commands
config.status:1422: cd libjaylink       && sed -e '/# am--include-marker/d' Makefile         | make -f - am--depfiles
config.status:1427: $? = 0
config.status:1345: executing libtool commands

## ---------------- ##
## Cache variables. ##
## ---------------- ##

ac_cv_build=i686-w64-mingw32
ac_cv_c_bigendian=no
ac_cv_c_compiler_gnu=yes
ac_cv_env_CC_set=
ac_cv_env_CC_value=
ac_cv_env_CFLAGS_set=
ac_cv_env_CFLAGS_value=
ac_cv_env_CPPFLAGS_set=
ac_cv_env_CPPFLAGS_value=
ac_cv_env_CPP_set=
ac_cv_env_CPP_value=
ac_cv_env_LDFLAGS_set=
ac_cv_env_LDFLAGS_value=
ac_cv_env_LIBS_set=
ac_cv_env_LIBS_value=
ac_cv_env_LT_SYS_LIBRARY_PATH_set=
ac_cv_env_LT_SYS_LIBRARY_PATH_value=
ac_cv_env_PKG_CONFIG_LIBDIR_set=
ac_cv_env_PKG_CONFIG_LIBDIR_value=
ac_cv_env_PKG_CONFIG_PATH_set=set
ac_cv_env_PKG_CONFIG_PATH_value=/mingw32/lib/pkgconfig:/mingw32/share/pkgconfig
ac_cv_env_PKG_CONFIG_set=
ac_cv_env_PKG_CONFIG_value=
ac_cv_env_build_alias_set=
ac_cv_env_build_alias_value=
ac_cv_env_host_alias_set=
ac_cv_env_host_alias_value=
ac_cv_env_libusb_CFLAGS_set=
ac_cv_env_libusb_CFLAGS_value=
ac_cv_env_libusb_LIBS_set=
ac_cv_env_libusb_LIBS_value=
ac_cv_env_target_alias_set=
ac_cv_env_target_alias_value=
ac_cv_exeext=.exe
ac_cv_header_dlfcn_h=no
ac_cv_header_inttypes_h=yes
ac_cv_header_memory_h=yes
ac_cv_header_stdc=yes
ac_cv_header_stdint_h=yes
ac_cv_header_stdlib_h=yes
ac_cv_header_string_h=yes
ac_cv_header_strings_h=yes
ac_cv_header_sys_stat_h=yes
ac_cv_header_sys_types_h=yes
ac_cv_header_unistd_h=yes
ac_cv_host=i686-w64-mingw32
ac_cv_objext=o
ac_cv_path_EGREP='/usr/bin/grep -E'
ac_cv_path_FGREP='/usr/bin/grep -F'
ac_cv_path_GREP=/usr/bin/grep
ac_cv_path_SED=/usr/bin/sed
ac_cv_path_ac_pt_PKG_CONFIG=/mingw32/bin/pkg-config
ac_cv_path_install='/usr/bin/install -c'
ac_cv_path_lt_DD=/usr/bin/dd
ac_cv_path_mkdir=/usr/bin/mkdir
ac_cv_prog_AWK=gawk
ac_cv_prog_CPP='gcc -E'
ac_cv_prog_ac_ct_AR=ar
ac_cv_prog_ac_ct_CC=gcc
ac_cv_prog_ac_ct_DLLTOOL=dlltool
ac_cv_prog_ac_ct_OBJDUMP=objdump
ac_cv_prog_ac_ct_RANLIB=ranlib
ac_cv_prog_ac_ct_STRIP=strip
ac_cv_prog_cc_c89=
ac_cv_prog_cc_g=yes
ac_cv_prog_make_make_set=yes
am_cv_CC_dependencies_compiler_type=gcc3
am_cv_ar_interface=ar
am_cv_make_support_nested_variables=yes
am_cv_prog_cc_c_o=yes
lt_cv_ar_at_file=@
lt_cv_archive_cmds_need_lc=yes
lt_cv_deplibs_check_method='file_magic ^x86 archive import|^x86 DLL'
lt_cv_file_magic_cmd=func_win32_libid
lt_cv_file_magic_test_file=
lt_cv_ld_reload_flag=-r
lt_cv_nm_interface='BSD nm'
lt_cv_objdir=.libs
lt_cv_path_LD=C:/msys64/mingw32/i686-w64-mingw32/bin/ld.exe
lt_cv_path_NM='/mingw32/bin/nm -B'
lt_cv_path_mainfest_tool=no
lt_cv_prog_compiler_c_o=yes
lt_cv_prog_compiler_pic='-DDLL_EXPORT -DPIC'
lt_cv_prog_compiler_pic_works=yes
lt_cv_prog_compiler_rtti_exceptions=no
lt_cv_prog_compiler_static_works=yes
lt_cv_prog_gnu_ld=yes
lt_cv_sharedlib_from_linklib_cmd=func_cygming_dll_for_implib
lt_cv_sys_global_symbol_pipe='sed -n -e '\''s/^.*[	 ]\([ABCDGIRSTW][ABCDGIRSTW]*\)[	 ][	 ]*_\([_A-Za-z][_A-Za-z0-9]*\)\{0,1\}$/\1 _\2 \2/p'\'' | sed '\''/ __gnu_lto/d'\'''
lt_cv_sys_global_symbol_to_c_name_address='sed -n -e '\''s/^: \(.*\) .*$/  {"\1", (void *) 0},/p'\'' -e '\''s/^[ABCDGIRSTW][ABCDGIRSTW]* .* \(.*\)$/  {"\1", (void *) \&\1},/p'\'''
lt_cv_sys_global_symbol_to_c_name_address_lib_prefix='sed -n -e '\''s/^: \(.*\) .*$/  {"\1", (void *) 0},/p'\'' -e '\''s/^[ABCDGIRSTW][ABCDGIRSTW]* .* \(lib.*\)$/  {"\1", (void *) \&\1},/p'\'' -e '\''s/^[ABCDGIRSTW][ABCDGIRSTW]* .* \(.*\)$/  {"lib\1", (void *) \&\1},/p'\'''
lt_cv_sys_global_symbol_to_cdecl='sed -n -e '\''s/^T .* \(.*\)$/extern int \1();/p'\'' -e '\''s/^[ABCDGIRSTW][ABCDGIRSTW]* .* \(.*\)$/extern char \1;/p'\'''
lt_cv_sys_global_symbol_to_import=
lt_cv_sys_max_cmd_len=8192
lt_cv_to_host_file_cmd=func_convert_file_msys_to_w32
lt_cv_to_tool_file_cmd=func_convert_file_msys_to_w32
lt_cv_truncate_bin='/usr/bin/dd bs=4096 count=1'
pkg_cv_libusb_CFLAGS='-IC:/msys64/mingw32/include/libusb-1.0 '
pkg_cv_libusb_LIBS='-LC:/msys64/mingw32/lib -lusb-1.0 '

## ----------------- ##
## Output variables. ##
## ----------------- ##

ACLOCAL='${SHELL} /home/CCLI0/OpenNuvoton/OpenNuvoton_OpenOCD/src/jtag/drivers/libjaylink/build-aux/missing aclocal-1.16'
AMDEPBACKSLASH='\'
AMDEP_FALSE='#'
AMDEP_TRUE=''
AMTAR='$${TAR-tar}'
AM_BACKSLASH='\'
AM_DEFAULT_V='$(AM_DEFAULT_VERBOSITY)'
AM_DEFAULT_VERBOSITY='1'
AM_LIBTOOLFLAGS='--silent'
AM_V='$(V)'
AR='ar'
AUTOCONF='${SHELL} /home/CCLI0/OpenNuvoton/OpenNuvoton_OpenOCD/src/jtag/drivers/libjaylink/build-aux/missing autoconf'
AUTOHEADER='${SHELL} /home/CCLI0/OpenNuvoton/OpenNuvoton_OpenOCD/src/jtag/drivers/libjaylink/build-aux/missing autoheader'
AUTOMAKE='${SHELL} /home/CCLI0/OpenNuvoton/OpenNuvoton_OpenOCD/src/jtag/drivers/libjaylink/build-aux/missing automake-1.16'
AWK='gawk'
CC='gcc'
CCDEPMODE='depmode=gcc3'
CFLAGS=' -Wall -Wextra -Werror -fvisibility=hidden -IC:/msys64/mingw32/include/libusb-1.0 '
CPP='gcc -E'
CPPFLAGS=''
CYGPATH_W='cygpath -w'
DEFS='-DHAVE_CONFIG_H'
DEPDIR='.deps'
DLLTOOL='dlltool'
DSYMUTIL=''
DUMPBIN=''
ECHO_C=''
ECHO_N='-n'
ECHO_T=''
EGREP='/usr/bin/grep -E'
EXEEXT='.exe'
FGREP='/usr/bin/grep -F'
GREP='/usr/bin/grep'
INSTALL_DATA='${INSTALL} -m 644'
INSTALL_PROGRAM='${INSTALL}'
INSTALL_SCRIPT='${INSTALL}'
INSTALL_STRIP_PROGRAM='$(install_sh) -c -s'
JAYLINK_LIB_LDFLAGS=''
JAYLINK_VERSION_LIB='0:0:0'
JAYLINK_VERSION_LIB_AGE='0'
JAYLINK_VERSION_LIB_CURRENT='0'
JAYLINK_VERSION_LIB_REVISION='0'
JAYLINK_VERSION_PACKAGE='0.1.0'
JAYLINK_VERSION_PACKAGE_MAJOR='0'
JAYLINK_VERSION_PACKAGE_MICRO='0'
JAYLINK_VERSION_PACKAGE_MINOR='1'
LD='C:/msys64/mingw32/i686-w64-mingw32/bin/ld.exe'
LDFLAGS=''
LIBOBJS=''
LIBS=' -LC:/msys64/mingw32/lib -lusb-1.0  -lws2_32'
LIBTOOL='$(SHELL) $(top_builddir)/libtool'
LIPO=''
LN_S='cp -pR'
LTLIBOBJS=''
LT_SYS_LIBRARY_PATH=''
MAKEINFO='${SHELL} /home/CCLI0/OpenNuvoton/OpenNuvoton_OpenOCD/src/jtag/drivers/libjaylink/build-aux/missing makeinfo'
MANIFEST_TOOL=':'
MKDIR_P='/usr/bin/mkdir -p'
NM='/mingw32/bin/nm -B'
NMEDIT=''
OBJDUMP='objdump'
OBJEXT='o'
OTOOL64=''
OTOOL=''
PACKAGE='libjaylink'
PACKAGE_BUGREPORT='BUG-REPORT-ADDRESS'
PACKAGE_NAME='libjaylink'
PACKAGE_STRING='libjaylink 0.1.0'
PACKAGE_TARNAME='libjaylink'
PACKAGE_URL=''
PACKAGE_VERSION='0.1.0'
PATH_SEPARATOR=':'
PKG_CONFIG='/mingw32/bin/pkg-config'
PKG_CONFIG_LIBDIR=''
PKG_CONFIG_PATH='/mingw32/lib/pkgconfig:/mingw32/share/pkgconfig'
RANLIB='ranlib'
SED='/usr/bin/sed'
SET_MAKE=''
SHELL='/bin/sh'
STRIP='strip'
SUBPROJECT_BUILD_FALSE='#'
SUBPROJECT_BUILD_TRUE=''
VERSION='0.1.0'
ac_ct_AR='ar'
ac_ct_CC='gcc'
ac_ct_DUMPBIN=''
am__EXEEXT_FALSE='#'
am__EXEEXT_TRUE=''
am__fastdepCC_FALSE='#'
am__fastdepCC_TRUE=''
am__include='include'
am__isrc=''
am__leading_dot='.'
am__nodep='_no'
am__quote=''
am__tar='$${TAR-tar} chof - "$$tardir"'
am__untar='$${TAR-tar} xf -'
bindir='${exec_prefix}/bin'
build='i686-w64-mingw32'
build_alias='i686-w64-mingw32'
build_cpu='i686'
build_os='mingw32'
build_vendor='w64'
datadir='${datarootdir}'
datarootdir='${prefix}/share'
docdir='${datarootdir}/doc/${PACKAGE_TARNAME}'
dvidir='${docdir}'
exec_prefix='${prefix}'
host='i686-w64-mingw32'
host_alias=''
host_cpu='i686'
host_os='mingw32'
host_vendor='w64'
htmldir='${docdir}'
includedir='${prefix}/include'
infodir='${datarootdir}/info'
install_sh='${SHELL} /home/CCLI0/OpenNuvoton/OpenNuvoton_OpenOCD/src/jtag/drivers/libjaylink/build-aux/install-sh'
libdir='${exec_prefix}/lib'
libexecdir='${exec_prefix}/libexec'
libusb_CFLAGS='-IC:/msys64/mingw32/include/libusb-1.0 '
libusb_LIBS='-LC:/msys64/mingw32/lib -lusb-1.0 '
localedir='${datarootdir}/locale'
localstatedir='${prefix}/var'
mandir='${datarootdir}/man'
mkdir_p='$(MKDIR_P)'
oldincludedir='/usr/include'
pdfdir='${docdir}'
prefix='/mingw32'
program_transform_name='s,x,x,'
psdir='${docdir}'
sbindir='${exec_prefix}/sbin'
sharedstatedir='${prefix}/com'
sysconfdir='${prefix}/etc'
target_alias=''

## ----------- ##
## confdefs.h. ##
## ----------- ##

/* confdefs.h */
#define PACKAGE_NAME "libjaylink"
#define PACKAGE_TARNAME "libjaylink"
#define PACKAGE_VERSION "0.1.0"
#define PACKAGE_STRING "libjaylink 0.1.0"
#define PACKAGE_BUGREPORT "BUG-REPORT-ADDRESS"
#define PACKAGE_URL ""
#define PACKAGE "libjaylink"
#define VERSION "0.1.0"
#define STDC_HEADERS 1
#define HAVE_SYS_TYPES_H 1
#define HAVE_SYS_STAT_H 1
#define HAVE_STDLIB_H 1
#define HAVE_STRING_H 1
#define HAVE_MEMORY_H 1
#define HAVE_STRINGS_H 1
#define HAVE_INTTYPES_H 1
#define HAVE_STDINT_H 1
#define HAVE_UNISTD_H 1
#define LT_OBJDIR ".libs/"
#define __USE_MINGW_ANSI_STDIO 1

configure: exit 0
